18-Jun-2019 06:21:28.667 INFO [main] org.apache.catalina.startup.VersionLoggerListener.log Server version:        Apache Tomcat/8.5.41
18-Jun-2019 06:21:28.816 INFO [main] org.apache.catalina.startup.VersionLoggerListener.log Server built:          May 4 2019 09:17:16 UTC
18-Jun-2019 06:21:28.816 INFO [main] org.apache.catalina.startup.VersionLoggerListener.log Server number:         8.5.41.0
18-Jun-2019 06:21:28.816 INFO [main] org.apache.catalina.startup.VersionLoggerListener.log OS Name:               Linux
18-Jun-2019 06:21:28.816 INFO [main] org.apache.catalina.startup.VersionLoggerListener.log OS Version:            2.6.32-754.14.2.el6.x86_64
18-Jun-2019 06:21:28.816 INFO [main] org.apache.catalina.startup.VersionLoggerListener.log Architecture:          amd64
18-Jun-2019 06:21:28.816 INFO [main] org.apache.catalina.startup.VersionLoggerListener.log Java Home:             /usr/local/jdk1.8.0_211/jre
18-Jun-2019 06:21:28.816 INFO [main] org.apache.catalina.startup.VersionLoggerListener.log JVM Version:           1.8.0_211-b12
18-Jun-2019 06:21:28.816 INFO [main] org.apache.catalina.startup.VersionLoggerListener.log JVM Vendor:            Oracle Corporation
18-Jun-2019 06:21:28.816 INFO [main] org.apache.catalina.startup.VersionLoggerListener.log CATALINA_BASE:         /usr/local/apache-tomcat-8.5.41
18-Jun-2019 06:21:28.816 INFO [main] org.apache.catalina.startup.VersionLoggerListener.log CATALINA_HOME:         /usr/local/apache-tomcat-8.5.41
18-Jun-2019 06:21:28.816 INFO [main] org.apache.catalina.startup.VersionLoggerListener.log Command line argument: -Djava.util.logging.config.file=/usr/local/apache-tomcat-8.5.41/conf/logging.properties
18-Jun-2019 06:21:28.816 INFO [main] org.apache.catalina.startup.VersionLoggerListener.log Command line argument: -Djava.util.logging.manager=org.apache.juli.ClassLoaderLogManager
18-Jun-2019 06:21:28.816 INFO [main] org.apache.catalina.startup.VersionLoggerListener.log Command line argument: -Djdk.tls.ephemeralDHKeySize=2048
18-Jun-2019 06:21:28.817 INFO [main] org.apache.catalina.startup.VersionLoggerListener.log Command line argument: -Djava.protocol.handler.pkgs=org.apache.catalina.webresources
18-Jun-2019 06:21:28.817 INFO [main] org.apache.catalina.startup.VersionLoggerListener.log Command line argument: -Dorg.apache.catalina.security.SecurityListener.UMASK=0027
18-Jun-2019 06:21:28.817 INFO [main] org.apache.catalina.startup.VersionLoggerListener.log Command line argument: -Dignore.endorsed.dirs=
18-Jun-2019 06:21:28.817 INFO [main] org.apache.catalina.startup.VersionLoggerListener.log Command line argument: -Dcatalina.base=/usr/local/apache-tomcat-8.5.41
18-Jun-2019 06:21:28.817 INFO [main] org.apache.catalina.startup.VersionLoggerListener.log Command line argument: -Dcatalina.home=/usr/local/apache-tomcat-8.5.41
18-Jun-2019 06:21:28.817 INFO [main] org.apache.catalina.startup.VersionLoggerListener.log Command line argument: -Djava.io.tmpdir=/usr/local/apache-tomcat-8.5.41/temp
18-Jun-2019 06:21:28.817 INFO [main] org.apache.catalina.core.AprLifecycleListener.lifecycleEvent The APR based Apache Tomcat Native library which allows optimal performance in production environments was not found on the java.library.path: [/usr/java/packages/lib/amd64:/usr/lib64:/lib64:/lib:/usr/lib]
18-Jun-2019 06:21:30.966 INFO [main] org.apache.coyote.AbstractProtocol.init Initializing ProtocolHandler ["http-nio-8080"]
18-Jun-2019 06:21:31.160 INFO [main] org.apache.tomcat.util.net.NioSelectorPool.getSharedSelector Using a shared selector for servlet write/read
18-Jun-2019 06:21:31.200 INFO [main] org.apache.coyote.AbstractProtocol.init Initializing ProtocolHandler ["ajp-nio-8009"]
18-Jun-2019 06:21:31.202 INFO [main] org.apache.tomcat.util.net.NioSelectorPool.getSharedSelector Using a shared selector for servlet write/read
18-Jun-2019 06:21:31.206 INFO [main] org.apache.catalina.startup.Catalina.load Initialization processed in 4976 ms
18-Jun-2019 06:21:31.402 INFO [main] org.apache.catalina.core.StandardService.startInternal Starting service [Catalina]
18-Jun-2019 06:21:31.402 INFO [main] org.apache.catalina.core.StandardEngine.startInternal Starting Servlet Engine: Apache Tomcat/8.5.41
18-Jun-2019 06:21:32.440 INFO [localhost-startStop-1] org.apache.catalina.startup.HostConfig.deployWAR Deploying web application archive [/usr/local/apache-tomcat-8.5.41/webapps/futureloan.war]
18-Jun-2019 06:21:35.448 INFO [localhost-startStop-1] org.apache.jasper.servlet.TldScanner.scanJars At least one JAR was scanned for TLDs yet contained no TLDs. Enable debug logging for this logger for a complete list of JARs that were scanned but no TLDs were found in them. Skipping unneeded JARs during scanning can improve startup time and JSP compilation time.
18-Jun-2019 06:22:04.015 INFO [localhost-startStop-1] org.apache.catalina.startup.HostConfig.deployWAR Deployment of web application archive [/usr/local/apache-tomcat-8.5.41/webapps/futureloan.war] has finished in [31,574] ms
18-Jun-2019 06:22:04.016 INFO [localhost-startStop-1] org.apache.catalina.startup.HostConfig.deployDirectory Deploying web application directory [/usr/local/apache-tomcat-8.5.41/webapps/manager]
18-Jun-2019 06:22:04.097 INFO [localhost-startStop-1] org.apache.catalina.startup.HostConfig.deployDirectory Deployment of web application directory [/usr/local/apache-tomcat-8.5.41/webapps/manager] has finished in [81] ms
18-Jun-2019 06:22:04.097 INFO [localhost-startStop-1] org.apache.catalina.startup.HostConfig.deployDirectory Deploying web application directory [/usr/local/apache-tomcat-8.5.41/webapps/ROOT]
18-Jun-2019 06:22:04.127 INFO [localhost-startStop-1] org.apache.catalina.startup.HostConfig.deployDirectory Deployment of web application directory [/usr/local/apache-tomcat-8.5.41/webapps/ROOT] has finished in [30] ms
18-Jun-2019 06:22:04.127 INFO [localhost-startStop-1] org.apache.catalina.startup.HostConfig.deployDirectory Deploying web application directory [/usr/local/apache-tomcat-8.5.41/webapps/examples]
18-Jun-2019 06:22:04.621 INFO [localhost-startStop-1] org.apache.catalina.startup.HostConfig.deployDirectory Deployment of web application directory [/usr/local/apache-tomcat-8.5.41/webapps/examples] has finished in [494] ms
18-Jun-2019 06:22:04.624 INFO [localhost-startStop-1] org.apache.catalina.startup.HostConfig.deployDirectory Deploying web application directory [/usr/local/apache-tomcat-8.5.41/webapps/host-manager]
18-Jun-2019 06:22:04.662 INFO [localhost-startStop-1] org.apache.catalina.startup.HostConfig.deployDirectory Deployment of web application directory [/usr/local/apache-tomcat-8.5.41/webapps/host-manager] has finished in [38] ms
18-Jun-2019 06:22:04.663 INFO [localhost-startStop-1] org.apache.catalina.startup.HostConfig.deployDirectory Deploying web application directory [/usr/local/apache-tomcat-8.5.41/webapps/docs]
18-Jun-2019 06:22:04.684 INFO [localhost-startStop-1] org.apache.catalina.startup.HostConfig.deployDirectory Deployment of web application directory [/usr/local/apache-tomcat-8.5.41/webapps/docs] has finished in [20] ms
18-Jun-2019 06:22:04.688 INFO [main] org.apache.coyote.AbstractProtocol.start Starting ProtocolHandler ["http-nio-8080"]
18-Jun-2019 06:22:04.721 INFO [main] org.apache.coyote.AbstractProtocol.start Starting ProtocolHandler ["ajp-nio-8009"]
18-Jun-2019 06:22:04.741 INFO [main] org.apache.catalina.startup.Catalina.start Server startup in 33534 ms
