13-Jun-2019 00:38:59.881 INFO [main] org.apache.catalina.startup.VersionLoggerListener.log Server version:        Apache Tomcat/8.5.41
13-Jun-2019 00:39:00.000 INFO [main] org.apache.catalina.startup.VersionLoggerListener.log Server built:          May 4 2019 09:17:16 UTC
13-Jun-2019 00:39:00.001 INFO [main] org.apache.catalina.startup.VersionLoggerListener.log Server number:         8.5.41.0
13-Jun-2019 00:39:00.001 INFO [main] org.apache.catalina.startup.VersionLoggerListener.log OS Name:               Linux
13-Jun-2019 00:39:00.001 INFO [main] org.apache.catalina.startup.VersionLoggerListener.log OS Version:            2.6.32-754.14.2.el6.x86_64
13-Jun-2019 00:39:00.001 INFO [main] org.apache.catalina.startup.VersionLoggerListener.log Architecture:          amd64
13-Jun-2019 00:39:00.001 INFO [main] org.apache.catalina.startup.VersionLoggerListener.log Java Home:             /usr/local/jdk1.8.0_211/jre
13-Jun-2019 00:39:00.001 INFO [main] org.apache.catalina.startup.VersionLoggerListener.log JVM Version:           1.8.0_211-b12
13-Jun-2019 00:39:00.001 INFO [main] org.apache.catalina.startup.VersionLoggerListener.log JVM Vendor:            Oracle Corporation
13-Jun-2019 00:39:00.001 INFO [main] org.apache.catalina.startup.VersionLoggerListener.log CATALINA_BASE:         /usr/local/apache-tomcat-8.5.41
13-Jun-2019 00:39:00.001 INFO [main] org.apache.catalina.startup.VersionLoggerListener.log CATALINA_HOME:         /usr/local/apache-tomcat-8.5.41
13-Jun-2019 00:39:00.001 INFO [main] org.apache.catalina.startup.VersionLoggerListener.log Command line argument: -Djava.util.logging.config.file=/usr/local/apache-tomcat-8.5.41/conf/logging.properties
13-Jun-2019 00:39:00.002 INFO [main] org.apache.catalina.startup.VersionLoggerListener.log Command line argument: -Djava.util.logging.manager=org.apache.juli.ClassLoaderLogManager
13-Jun-2019 00:39:00.002 INFO [main] org.apache.catalina.startup.VersionLoggerListener.log Command line argument: -Djdk.tls.ephemeralDHKeySize=2048
13-Jun-2019 00:39:00.003 INFO [main] org.apache.catalina.startup.VersionLoggerListener.log Command line argument: -Djava.protocol.handler.pkgs=org.apache.catalina.webresources
13-Jun-2019 00:39:00.003 INFO [main] org.apache.catalina.startup.VersionLoggerListener.log Command line argument: -Dorg.apache.catalina.security.SecurityListener.UMASK=0027
13-Jun-2019 00:39:00.003 INFO [main] org.apache.catalina.startup.VersionLoggerListener.log Command line argument: -Dignore.endorsed.dirs=
13-Jun-2019 00:39:00.003 INFO [main] org.apache.catalina.startup.VersionLoggerListener.log Command line argument: -Dcatalina.base=/usr/local/apache-tomcat-8.5.41
13-Jun-2019 00:39:00.003 INFO [main] org.apache.catalina.startup.VersionLoggerListener.log Command line argument: -Dcatalina.home=/usr/local/apache-tomcat-8.5.41
13-Jun-2019 00:39:00.003 INFO [main] org.apache.catalina.startup.VersionLoggerListener.log Command line argument: -Djava.io.tmpdir=/usr/local/apache-tomcat-8.5.41/temp
13-Jun-2019 00:39:00.003 INFO [main] org.apache.catalina.core.AprLifecycleListener.lifecycleEvent The APR based Apache Tomcat Native library which allows optimal performance in production environments was not found on the java.library.path: [/usr/java/packages/lib/amd64:/usr/lib64:/lib64:/lib:/usr/lib]
13-Jun-2019 00:39:04.481 INFO [main] org.apache.coyote.AbstractProtocol.init Initializing ProtocolHandler ["http-nio-8080"]
13-Jun-2019 00:39:04.640 INFO [main] org.apache.tomcat.util.net.NioSelectorPool.getSharedSelector Using a shared selector for servlet write/read
13-Jun-2019 00:39:04.726 INFO [main] org.apache.coyote.AbstractProtocol.init Initializing ProtocolHandler ["ajp-nio-8009"]
13-Jun-2019 00:39:04.728 INFO [main] org.apache.tomcat.util.net.NioSelectorPool.getSharedSelector Using a shared selector for servlet write/read
13-Jun-2019 00:39:04.760 INFO [main] org.apache.catalina.startup.Catalina.load Initialization processed in 8103 ms
13-Jun-2019 00:39:05.526 INFO [main] org.apache.catalina.core.StandardService.startInternal Starting service [Catalina]
13-Jun-2019 00:39:05.527 INFO [main] org.apache.catalina.core.StandardEngine.startInternal Starting Servlet Engine: Apache Tomcat/8.5.41
13-Jun-2019 00:39:06.089 INFO [localhost-startStop-1] org.apache.catalina.startup.HostConfig.deployWAR Deploying web application archive [/usr/local/apache-tomcat-8.5.41/webapps/futureloan.war]
13-Jun-2019 00:39:10.043 INFO [localhost-startStop-1] org.apache.jasper.servlet.TldScanner.scanJars At least one JAR was scanned for TLDs yet contained no TLDs. Enable debug logging for this logger for a complete list of JARs that were scanned but no TLDs were found in them. Skipping unneeded JARs during scanning can improve startup time and JSP compilation time.
13-Jun-2019 00:39:34.206 INFO [localhost-startStop-1] org.apache.catalina.startup.HostConfig.deployWAR Deployment of web application archive [/usr/local/apache-tomcat-8.5.41/webapps/futureloan.war] has finished in [28,113] ms
13-Jun-2019 00:39:34.207 INFO [localhost-startStop-1] org.apache.catalina.startup.HostConfig.deployDirectory Deploying web application directory [/usr/local/apache-tomcat-8.5.41/webapps/manager]
13-Jun-2019 00:39:34.287 INFO [localhost-startStop-1] org.apache.catalina.startup.HostConfig.deployDirectory Deployment of web application directory [/usr/local/apache-tomcat-8.5.41/webapps/manager] has finished in [80] ms
13-Jun-2019 00:39:34.290 INFO [localhost-startStop-1] org.apache.catalina.startup.HostConfig.deployDirectory Deploying web application directory [/usr/local/apache-tomcat-8.5.41/webapps/ROOT]
13-Jun-2019 00:39:34.328 INFO [localhost-startStop-1] org.apache.catalina.startup.HostConfig.deployDirectory Deployment of web application directory [/usr/local/apache-tomcat-8.5.41/webapps/ROOT] has finished in [38] ms
13-Jun-2019 00:39:34.330 INFO [localhost-startStop-1] org.apache.catalina.startup.HostConfig.deployDirectory Deploying web application directory [/usr/local/apache-tomcat-8.5.41/webapps/examples]
13-Jun-2019 00:39:34.884 INFO [localhost-startStop-1] org.apache.catalina.startup.HostConfig.deployDirectory Deployment of web application directory [/usr/local/apache-tomcat-8.5.41/webapps/examples] has finished in [554] ms
13-Jun-2019 00:39:34.887 INFO [localhost-startStop-1] org.apache.catalina.startup.HostConfig.deployDirectory Deploying web application directory [/usr/local/apache-tomcat-8.5.41/webapps/host-manager]
13-Jun-2019 00:39:34.915 INFO [localhost-startStop-1] org.apache.catalina.startup.HostConfig.deployDirectory Deployment of web application directory [/usr/local/apache-tomcat-8.5.41/webapps/host-manager] has finished in [28] ms
13-Jun-2019 00:39:34.916 INFO [localhost-startStop-1] org.apache.catalina.startup.HostConfig.deployDirectory Deploying web application directory [/usr/local/apache-tomcat-8.5.41/webapps/docs]
13-Jun-2019 00:39:35.021 INFO [localhost-startStop-1] org.apache.catalina.startup.HostConfig.deployDirectory Deployment of web application directory [/usr/local/apache-tomcat-8.5.41/webapps/docs] has finished in [105] ms
13-Jun-2019 00:39:35.028 INFO [main] org.apache.coyote.AbstractProtocol.start Starting ProtocolHandler ["http-nio-8080"]
13-Jun-2019 00:39:35.057 INFO [main] org.apache.coyote.AbstractProtocol.start Starting ProtocolHandler ["ajp-nio-8009"]
13-Jun-2019 00:39:35.091 INFO [main] org.apache.catalina.startup.Catalina.start Server startup in 30330 ms
13-Jun-2019 00:43:37.335 INFO [main] org.apache.catalina.startup.VersionLoggerListener.log Server version:        Apache Tomcat/8.5.41
13-Jun-2019 00:43:37.341 INFO [main] org.apache.catalina.startup.VersionLoggerListener.log Server built:          May 4 2019 09:17:16 UTC
13-Jun-2019 00:43:37.341 INFO [main] org.apache.catalina.startup.VersionLoggerListener.log Server number:         8.5.41.0
13-Jun-2019 00:43:37.341 INFO [main] org.apache.catalina.startup.VersionLoggerListener.log OS Name:               Linux
13-Jun-2019 00:43:37.341 INFO [main] org.apache.catalina.startup.VersionLoggerListener.log OS Version:            2.6.32-754.14.2.el6.x86_64
13-Jun-2019 00:43:37.341 INFO [main] org.apache.catalina.startup.VersionLoggerListener.log Architecture:          amd64
13-Jun-2019 00:43:37.341 INFO [main] org.apache.catalina.startup.VersionLoggerListener.log Java Home:             /usr/local/jdk1.8.0_211/jre
13-Jun-2019 00:43:37.341 INFO [main] org.apache.catalina.startup.VersionLoggerListener.log JVM Version:           1.8.0_211-b12
13-Jun-2019 00:43:37.341 INFO [main] org.apache.catalina.startup.VersionLoggerListener.log JVM Vendor:            Oracle Corporation
13-Jun-2019 00:43:37.341 INFO [main] org.apache.catalina.startup.VersionLoggerListener.log CATALINA_BASE:         /usr/local/apache-tomcat-8.5.41
13-Jun-2019 00:43:37.341 INFO [main] org.apache.catalina.startup.VersionLoggerListener.log CATALINA_HOME:         /usr/local/apache-tomcat-8.5.41
13-Jun-2019 00:43:37.342 INFO [main] org.apache.catalina.startup.VersionLoggerListener.log Command line argument: -Djava.util.logging.config.file=/usr/local/apache-tomcat-8.5.41/conf/logging.properties
13-Jun-2019 00:43:37.349 INFO [main] org.apache.catalina.startup.VersionLoggerListener.log Command line argument: -Djava.util.logging.manager=org.apache.juli.ClassLoaderLogManager
13-Jun-2019 00:43:37.349 INFO [main] org.apache.catalina.startup.VersionLoggerListener.log Command line argument: -Djdk.tls.ephemeralDHKeySize=2048
13-Jun-2019 00:43:37.349 INFO [main] org.apache.catalina.startup.VersionLoggerListener.log Command line argument: -Djava.protocol.handler.pkgs=org.apache.catalina.webresources
13-Jun-2019 00:43:37.349 INFO [main] org.apache.catalina.startup.VersionLoggerListener.log Command line argument: -Dorg.apache.catalina.security.SecurityListener.UMASK=0027
13-Jun-2019 00:43:37.350 INFO [main] org.apache.catalina.startup.VersionLoggerListener.log Command line argument: -Dignore.endorsed.dirs=
13-Jun-2019 00:43:37.350 INFO [main] org.apache.catalina.startup.VersionLoggerListener.log Command line argument: -Dcatalina.base=/usr/local/apache-tomcat-8.5.41
13-Jun-2019 00:43:37.350 INFO [main] org.apache.catalina.startup.VersionLoggerListener.log Command line argument: -Dcatalina.home=/usr/local/apache-tomcat-8.5.41
13-Jun-2019 00:43:37.350 INFO [main] org.apache.catalina.startup.VersionLoggerListener.log Command line argument: -Djava.io.tmpdir=/usr/local/apache-tomcat-8.5.41/temp
13-Jun-2019 00:43:37.350 INFO [main] org.apache.catalina.core.AprLifecycleListener.lifecycleEvent The APR based Apache Tomcat Native library which allows optimal performance in production environments was not found on the java.library.path: [/usr/java/packages/lib/amd64:/usr/lib64:/lib64:/lib:/usr/lib]
13-Jun-2019 00:43:38.385 INFO [main] org.apache.coyote.AbstractProtocol.init Initializing ProtocolHandler ["http-nio-8080"]
13-Jun-2019 00:43:39.442 INFO [main] org.apache.tomcat.util.net.NioSelectorPool.getSharedSelector Using a shared selector for servlet write/read
13-Jun-2019 00:43:39.502 INFO [main] org.apache.coyote.AbstractProtocol.init Initializing ProtocolHandler ["ajp-nio-8009"]
13-Jun-2019 00:43:39.508 INFO [main] org.apache.tomcat.util.net.NioSelectorPool.getSharedSelector Using a shared selector for servlet write/read
13-Jun-2019 00:43:39.512 INFO [main] org.apache.catalina.startup.Catalina.load Initialization processed in 3639 ms
13-Jun-2019 00:43:39.588 INFO [main] org.apache.catalina.core.StandardService.startInternal Starting service [Catalina]
13-Jun-2019 00:43:39.589 INFO [main] org.apache.catalina.core.StandardEngine.startInternal Starting Servlet Engine: Apache Tomcat/8.5.41
13-Jun-2019 00:43:39.679 INFO [localhost-startStop-1] org.apache.catalina.startup.HostConfig.deployWAR Deploying web application archive [/usr/local/apache-tomcat-8.5.41/webapps/futureloan.war]
13-Jun-2019 00:43:42.222 INFO [localhost-startStop-1] org.apache.jasper.servlet.TldScanner.scanJars At least one JAR was scanned for TLDs yet contained no TLDs. Enable debug logging for this logger for a complete list of JARs that were scanned but no TLDs were found in them. Skipping unneeded JARs during scanning can improve startup time and JSP compilation time.
13-Jun-2019 00:44:05.449 INFO [localhost-startStop-1] org.apache.catalina.startup.HostConfig.deployWAR Deployment of web application archive [/usr/local/apache-tomcat-8.5.41/webapps/futureloan.war] has finished in [25,769] ms
13-Jun-2019 00:44:05.450 INFO [localhost-startStop-1] org.apache.catalina.startup.HostConfig.deployDirectory Deploying web application directory [/usr/local/apache-tomcat-8.5.41/webapps/manager]
13-Jun-2019 00:44:05.496 INFO [localhost-startStop-1] org.apache.catalina.startup.HostConfig.deployDirectory Deployment of web application directory [/usr/local/apache-tomcat-8.5.41/webapps/manager] has finished in [46] ms
13-Jun-2019 00:44:05.496 INFO [localhost-startStop-1] org.apache.catalina.startup.HostConfig.deployDirectory Deploying web application directory [/usr/local/apache-tomcat-8.5.41/webapps/ROOT]
13-Jun-2019 00:44:05.520 INFO [localhost-startStop-1] org.apache.catalina.startup.HostConfig.deployDirectory Deployment of web application directory [/usr/local/apache-tomcat-8.5.41/webapps/ROOT] has finished in [24] ms
13-Jun-2019 00:44:05.522 INFO [localhost-startStop-1] org.apache.catalina.startup.HostConfig.deployDirectory Deploying web application directory [/usr/local/apache-tomcat-8.5.41/webapps/examples]
13-Jun-2019 00:44:05.844 INFO [localhost-startStop-1] org.apache.catalina.startup.HostConfig.deployDirectory Deployment of web application directory [/usr/local/apache-tomcat-8.5.41/webapps/examples] has finished in [322] ms
13-Jun-2019 00:44:05.845 INFO [localhost-startStop-1] org.apache.catalina.startup.HostConfig.deployDirectory Deploying web application directory [/usr/local/apache-tomcat-8.5.41/webapps/host-manager]
13-Jun-2019 00:44:05.867 INFO [localhost-startStop-1] org.apache.catalina.startup.HostConfig.deployDirectory Deployment of web application directory [/usr/local/apache-tomcat-8.5.41/webapps/host-manager] has finished in [22] ms
13-Jun-2019 00:44:05.868 INFO [localhost-startStop-1] org.apache.catalina.startup.HostConfig.deployDirectory Deploying web application directory [/usr/local/apache-tomcat-8.5.41/webapps/docs]
13-Jun-2019 00:44:05.887 INFO [localhost-startStop-1] org.apache.catalina.startup.HostConfig.deployDirectory Deployment of web application directory [/usr/local/apache-tomcat-8.5.41/webapps/docs] has finished in [19] ms
13-Jun-2019 00:44:05.894 INFO [main] org.apache.coyote.AbstractProtocol.start Starting ProtocolHandler ["http-nio-8080"]
13-Jun-2019 00:44:05.918 INFO [main] org.apache.coyote.AbstractProtocol.start Starting ProtocolHandler ["ajp-nio-8009"]
13-Jun-2019 00:44:05.927 INFO [main] org.apache.catalina.startup.Catalina.start Server startup in 26414 ms
13-Jun-2019 00:53:39.643 INFO [main] org.apache.catalina.startup.VersionLoggerListener.log Server version:        Apache Tomcat/8.5.41
13-Jun-2019 00:53:39.645 INFO [main] org.apache.catalina.startup.VersionLoggerListener.log Server built:          May 4 2019 09:17:16 UTC
13-Jun-2019 00:53:39.645 INFO [main] org.apache.catalina.startup.VersionLoggerListener.log Server number:         8.5.41.0
13-Jun-2019 00:53:39.645 INFO [main] org.apache.catalina.startup.VersionLoggerListener.log OS Name:               Linux
13-Jun-2019 00:53:39.645 INFO [main] org.apache.catalina.startup.VersionLoggerListener.log OS Version:            2.6.32-754.14.2.el6.x86_64
13-Jun-2019 00:53:39.645 INFO [main] org.apache.catalina.startup.VersionLoggerListener.log Architecture:          amd64
13-Jun-2019 00:53:39.645 INFO [main] org.apache.catalina.startup.VersionLoggerListener.log Java Home:             /usr/local/jdk1.8.0_211/jre
13-Jun-2019 00:53:39.646 INFO [main] org.apache.catalina.startup.VersionLoggerListener.log JVM Version:           1.8.0_211-b12
13-Jun-2019 00:53:39.646 INFO [main] org.apache.catalina.startup.VersionLoggerListener.log JVM Vendor:            Oracle Corporation
13-Jun-2019 00:53:39.646 INFO [main] org.apache.catalina.startup.VersionLoggerListener.log CATALINA_BASE:         /usr/local/apache-tomcat-8.5.41
13-Jun-2019 00:53:39.646 INFO [main] org.apache.catalina.startup.VersionLoggerListener.log CATALINA_HOME:         /usr/local/apache-tomcat-8.5.41
13-Jun-2019 00:53:39.646 INFO [main] org.apache.catalina.startup.VersionLoggerListener.log Command line argument: -Djava.util.logging.config.file=/usr/local/apache-tomcat-8.5.41/conf/logging.properties
13-Jun-2019 00:53:39.647 INFO [main] org.apache.catalina.startup.VersionLoggerListener.log Command line argument: -Djava.util.logging.manager=org.apache.juli.ClassLoaderLogManager
13-Jun-2019 00:53:39.647 INFO [main] org.apache.catalina.startup.VersionLoggerListener.log Command line argument: -Djdk.tls.ephemeralDHKeySize=2048
13-Jun-2019 00:53:39.647 INFO [main] org.apache.catalina.startup.VersionLoggerListener.log Command line argument: -Djava.protocol.handler.pkgs=org.apache.catalina.webresources
13-Jun-2019 00:53:39.647 INFO [main] org.apache.catalina.startup.VersionLoggerListener.log Command line argument: -Dorg.apache.catalina.security.SecurityListener.UMASK=0027
13-Jun-2019 00:53:39.651 INFO [main] org.apache.catalina.startup.VersionLoggerListener.log Command line argument: -Dignore.endorsed.dirs=
13-Jun-2019 00:53:39.651 INFO [main] org.apache.catalina.startup.VersionLoggerListener.log Command line argument: -Dcatalina.base=/usr/local/apache-tomcat-8.5.41
13-Jun-2019 00:53:39.651 INFO [main] org.apache.catalina.startup.VersionLoggerListener.log Command line argument: -Dcatalina.home=/usr/local/apache-tomcat-8.5.41
13-Jun-2019 00:53:39.651 INFO [main] org.apache.catalina.startup.VersionLoggerListener.log Command line argument: -Djava.io.tmpdir=/usr/local/apache-tomcat-8.5.41/temp
13-Jun-2019 00:53:39.652 INFO [main] org.apache.catalina.core.AprLifecycleListener.lifecycleEvent The APR based Apache Tomcat Native library which allows optimal performance in production environments was not found on the java.library.path: [/usr/java/packages/lib/amd64:/usr/lib64:/lib64:/lib:/usr/lib]
13-Jun-2019 00:53:39.965 INFO [main] org.apache.coyote.AbstractProtocol.init Initializing ProtocolHandler ["http-nio-8080"]
13-Jun-2019 00:53:39.979 SEVERE [main] org.apache.catalina.core.StandardService.initInternal Failed to initialize connector [Connector[HTTP/1.1-8080]]
	org.apache.catalina.LifecycleException: Failed to initialize component [Connector[HTTP/1.1-8080]]
		at org.apache.catalina.util.LifecycleBase.init(LifecycleBase.java:112)
		at org.apache.catalina.core.StandardService.initInternal(StandardService.java:552)
		at org.apache.catalina.util.LifecycleBase.init(LifecycleBase.java:107)
		at org.apache.catalina.core.StandardServer.initInternal(StandardServer.java:875)
		at org.apache.catalina.util.LifecycleBase.init(LifecycleBase.java:107)
		at org.apache.catalina.startup.Catalina.load(Catalina.java:639)
		at org.apache.catalina.startup.Catalina.load(Catalina.java:662)
		at sun.reflect.NativeMethodAccessorImpl.invoke0(Native Method)
		at sun.reflect.NativeMethodAccessorImpl.invoke(NativeMethodAccessorImpl.java:62)
		at sun.reflect.DelegatingMethodAccessorImpl.invoke(DelegatingMethodAccessorImpl.java:43)
		at java.lang.reflect.Method.invoke(Method.java:498)
		at org.apache.catalina.startup.Bootstrap.load(Bootstrap.java:309)
		at org.apache.catalina.startup.Bootstrap.main(Bootstrap.java:492)
	Caused by: org.apache.catalina.LifecycleException: Protocol handler initialization failed
		at org.apache.catalina.connector.Connector.initInternal(Connector.java:995)
		at org.apache.catalina.util.LifecycleBase.init(LifecycleBase.java:107)
		... 12 more
	Caused by: java.net.BindException: Address already in use
		at sun.nio.ch.Net.bind0(Native Method)
		at sun.nio.ch.Net.bind(Net.java:433)
		at sun.nio.ch.Net.bind(Net.java:425)
		at sun.nio.ch.ServerSocketChannelImpl.bind(ServerSocketChannelImpl.java:223)
		at sun.nio.ch.ServerSocketAdaptor.bind(ServerSocketAdaptor.java:74)
		at org.apache.tomcat.util.net.NioEndpoint.bind(NioEndpoint.java:219)
		at org.apache.tomcat.util.net.AbstractEndpoint.init(AbstractEndpoint.java:1105)
		at org.apache.tomcat.util.net.AbstractJsseEndpoint.init(AbstractJsseEndpoint.java:224)
		at org.apache.coyote.AbstractProtocol.init(AbstractProtocol.java:581)
		at org.apache.coyote.http11.AbstractHttp11Protocol.init(AbstractHttp11Protocol.java:68)
		at org.apache.catalina.connector.Connector.initInternal(Connector.java:993)
		... 13 more
13-Jun-2019 00:53:39.984 INFO [main] org.apache.coyote.AbstractProtocol.init Initializing ProtocolHandler ["ajp-nio-8009"]
13-Jun-2019 00:53:39.986 SEVERE [main] org.apache.catalina.core.StandardService.initInternal Failed to initialize connector [Connector[AJP/1.3-8009]]
	org.apache.catalina.LifecycleException: Failed to initialize component [Connector[AJP/1.3-8009]]
		at org.apache.catalina.util.LifecycleBase.init(LifecycleBase.java:112)
		at org.apache.catalina.core.StandardService.initInternal(StandardService.java:552)
		at org.apache.catalina.util.LifecycleBase.init(LifecycleBase.java:107)
		at org.apache.catalina.core.StandardServer.initInternal(StandardServer.java:875)
		at org.apache.catalina.util.LifecycleBase.init(LifecycleBase.java:107)
		at org.apache.catalina.startup.Catalina.load(Catalina.java:639)
		at org.apache.catalina.startup.Catalina.load(Catalina.java:662)
		at sun.reflect.NativeMethodAccessorImpl.invoke0(Native Method)
		at sun.reflect.NativeMethodAccessorImpl.invoke(NativeMethodAccessorImpl.java:62)
		at sun.reflect.DelegatingMethodAccessorImpl.invoke(DelegatingMethodAccessorImpl.java:43)
		at java.lang.reflect.Method.invoke(Method.java:498)
		at org.apache.catalina.startup.Bootstrap.load(Bootstrap.java:309)
		at org.apache.catalina.startup.Bootstrap.main(Bootstrap.java:492)
	Caused by: org.apache.catalina.LifecycleException: Protocol handler initialization failed
		at org.apache.catalina.connector.Connector.initInternal(Connector.java:995)
		at org.apache.catalina.util.LifecycleBase.init(LifecycleBase.java:107)
		... 12 more
	Caused by: java.net.BindException: Address already in use
		at sun.nio.ch.Net.bind0(Native Method)
		at sun.nio.ch.Net.bind(Net.java:433)
		at sun.nio.ch.Net.bind(Net.java:425)
		at sun.nio.ch.ServerSocketChannelImpl.bind(ServerSocketChannelImpl.java:223)
		at sun.nio.ch.ServerSocketAdaptor.bind(ServerSocketAdaptor.java:74)
		at org.apache.tomcat.util.net.NioEndpoint.bind(NioEndpoint.java:219)
		at org.apache.tomcat.util.net.AbstractEndpoint.init(AbstractEndpoint.java:1105)
		at org.apache.tomcat.util.net.AbstractJsseEndpoint.init(AbstractJsseEndpoint.java:224)
		at org.apache.coyote.AbstractProtocol.init(AbstractProtocol.java:581)
		at org.apache.catalina.connector.Connector.initInternal(Connector.java:993)
		... 13 more
13-Jun-2019 00:53:39.987 INFO [main] org.apache.catalina.startup.Catalina.load Initialization processed in 894 ms
13-Jun-2019 00:53:40.012 INFO [main] org.apache.catalina.core.StandardService.startInternal Starting service [Catalina]
13-Jun-2019 00:53:40.012 INFO [main] org.apache.catalina.core.StandardEngine.startInternal Starting Servlet Engine: Apache Tomcat/8.5.41
13-Jun-2019 00:53:40.042 INFO [localhost-startStop-1] org.apache.catalina.startup.HostConfig.deployWAR Deploying web application archive [/usr/local/apache-tomcat-8.5.41/webapps/futureloan.war]
13-Jun-2019 00:53:41.753 INFO [localhost-startStop-1] org.apache.jasper.servlet.TldScanner.scanJars At least one JAR was scanned for TLDs yet contained no TLDs. Enable debug logging for this logger for a complete list of JARs that were scanned but no TLDs were found in them. Skipping unneeded JARs during scanning can improve startup time and JSP compilation time.
13-Jun-2019 00:53:50.028 INFO [main] org.apache.catalina.core.StandardServer.await A valid shutdown command was received via the shutdown port. Stopping the Server instance.
13-Jun-2019 00:53:50.029 INFO [main] org.apache.coyote.AbstractProtocol.pause Pausing ProtocolHandler ["http-nio-8080"]
13-Jun-2019 00:53:50.033 INFO [main] org.apache.coyote.AbstractProtocol.pause Pausing ProtocolHandler ["ajp-nio-8009"]
13-Jun-2019 00:53:50.034 INFO [main] org.apache.catalina.core.StandardService.stopInternal Stopping service [Catalina]
13-Jun-2019 00:53:50.064 WARNING [localhost-startStop-2] org.apache.catalina.loader.WebappClassLoaderBase.clearReferencesJdbc The web application [futureloan] registered the JDBC driver [com.mysql.jdbc.Driver] but failed to unregister it when the web application was stopped. To prevent a memory leak, the JDBC Driver has been forcibly unregistered.
13-Jun-2019 00:53:50.068 WARNING [localhost-startStop-2] org.apache.catalina.loader.WebappClassLoaderBase.clearReferencesThreads The web application [futureloan] appears to have started a thread named [C3P0PooledConnectionPoolManager[identityToken->6nq96ptrs4683sopy2|404baed8]-HelperThread-#0] but has failed to stop it. This is very likely to create a memory leak. Stack trace of thread:
 java.net.PlainSocketImpl.socketConnect(Native Method)
 java.net.AbstractPlainSocketImpl.doConnect(AbstractPlainSocketImpl.java:350)
 java.net.AbstractPlainSocketImpl.connectToAddress(AbstractPlainSocketImpl.java:206)
 java.net.AbstractPlainSocketImpl.connect(AbstractPlainSocketImpl.java:188)
 java.net.SocksSocketImpl.connect(SocksSocketImpl.java:392)
 java.net.Socket.connect(Socket.java:589)
 java.net.Socket.connect(Socket.java:538)
 java.net.Socket.<init>(Socket.java:434)
 java.net.Socket.<init>(Socket.java:244)
 com.mysql.jdbc.StandardSocketFactory.connect(StandardSocketFactory.java:253)
 com.mysql.jdbc.MysqlIO.<init>(MysqlIO.java:292)
 com.mysql.jdbc.ConnectionImpl.createNewIO(ConnectionImpl.java:2178)
 com.mysql.jdbc.ConnectionImpl.<init>(ConnectionImpl.java:784)
 com.mysql.jdbc.JDBC4Connection.<init>(JDBC4Connection.java:46)
 sun.reflect.GeneratedConstructorAccessor20.newInstance(Unknown Source)
 sun.reflect.DelegatingConstructorAccessorImpl.newInstance(DelegatingConstructorAccessorImpl.java:45)
 java.lang.reflect.Constructor.newInstance(Constructor.java:423)
 com.mysql.jdbc.Util.handleNewInstance(Util.java:406)
 com.mysql.jdbc.ConnectionImpl.getInstance(ConnectionImpl.java:354)
 com.mysql.jdbc.NonRegisteringDriver.connect(NonRegisteringDriver.java:284)
 com.mchange.v2.c3p0.DriverManagerDataSource.getConnection(DriverManagerDataSource.java:175)
 com.mchange.v2.c3p0.WrapperConnectionPoolDataSource.getPooledConnection(WrapperConnectionPoolDataSource.java:220)
 com.mchange.v2.c3p0.WrapperConnectionPoolDataSource.getPooledConnection(WrapperConnectionPoolDataSource.java:206)
 com.mchange.v2.c3p0.impl.C3P0PooledConnectionPool$1PooledConnectionResourcePoolManager.acquireResource(C3P0PooledConnectionPool.java:203)
 com.mchange.v2.resourcepool.BasicResourcePool.doAcquire(BasicResourcePool.java:1138)
 com.mchange.v2.resourcepool.BasicResourcePool.doAcquireAndDecrementPendingAcquiresWithinLockOnSuccess(BasicResourcePool.java:1125)
 com.mchange.v2.resourcepool.BasicResourcePool.access$700(BasicResourcePool.java:44)
 com.mchange.v2.resourcepool.BasicResourcePool$ScatteredAcquireTask.run(BasicResourcePool.java:1870)
 com.mchange.v2.async.ThreadPoolAsynchronousRunner$PoolThread.run(ThreadPoolAsynchronousRunner.java:696)
13-Jun-2019 00:53:50.069 WARNING [localhost-startStop-2] org.apache.catalina.loader.WebappClassLoaderBase.clearReferencesThreads The web application [futureloan] appears to have started a thread named [C3P0PooledConnectionPoolManager[identityToken->6nq96ptrs4683sopy2|404baed8]-HelperThread-#1] but has failed to stop it. This is very likely to create a memory leak. Stack trace of thread:
 java.net.PlainSocketImpl.socketConnect(Native Method)
 java.net.AbstractPlainSocketImpl.doConnect(AbstractPlainSocketImpl.java:350)
 java.net.AbstractPlainSocketImpl.connectToAddress(AbstractPlainSocketImpl.java:206)
 java.net.AbstractPlainSocketImpl.connect(AbstractPlainSocketImpl.java:188)
 java.net.SocksSocketImpl.connect(SocksSocketImpl.java:392)
 java.net.Socket.connect(Socket.java:589)
 java.net.Socket.connect(Socket.java:538)
 java.net.Socket.<init>(Socket.java:434)
 java.net.Socket.<init>(Socket.java:244)
 com.mysql.jdbc.StandardSocketFactory.connect(StandardSocketFactory.java:253)
 com.mysql.jdbc.MysqlIO.<init>(MysqlIO.java:292)
 com.mysql.jdbc.ConnectionImpl.createNewIO(ConnectionImpl.java:2178)
 com.mysql.jdbc.ConnectionImpl.<init>(ConnectionImpl.java:784)
 com.mysql.jdbc.JDBC4Connection.<init>(JDBC4Connection.java:46)
 sun.reflect.GeneratedConstructorAccessor20.newInstance(Unknown Source)
 sun.reflect.DelegatingConstructorAccessorImpl.newInstance(DelegatingConstructorAccessorImpl.java:45)
 java.lang.reflect.Constructor.newInstance(Constructor.java:423)
 com.mysql.jdbc.Util.handleNewInstance(Util.java:406)
 com.mysql.jdbc.ConnectionImpl.getInstance(ConnectionImpl.java:354)
 com.mysql.jdbc.NonRegisteringDriver.connect(NonRegisteringDriver.java:284)
 com.mchange.v2.c3p0.DriverManagerDataSource.getConnection(DriverManagerDataSource.java:175)
 com.mchange.v2.c3p0.WrapperConnectionPoolDataSource.getPooledConnection(WrapperConnectionPoolDataSource.java:220)
 com.mchange.v2.c3p0.WrapperConnectionPoolDataSource.getPooledConnection(WrapperConnectionPoolDataSource.java:206)
 com.mchange.v2.c3p0.impl.C3P0PooledConnectionPool$1PooledConnectionResourcePoolManager.acquireResource(C3P0PooledConnectionPool.java:203)
 com.mchange.v2.resourcepool.BasicResourcePool.doAcquire(BasicResourcePool.java:1138)
 com.mchange.v2.resourcepool.BasicResourcePool.doAcquireAndDecrementPendingAcquiresWithinLockOnSuccess(BasicResourcePool.java:1125)
 com.mchange.v2.resourcepool.BasicResourcePool.access$700(BasicResourcePool.java:44)
 com.mchange.v2.resourcepool.BasicResourcePool$ScatteredAcquireTask.run(BasicResourcePool.java:1870)
 com.mchange.v2.async.ThreadPoolAsynchronousRunner$PoolThread.run(ThreadPoolAsynchronousRunner.java:696)
13-Jun-2019 00:53:50.069 WARNING [localhost-startStop-2] org.apache.catalina.loader.WebappClassLoaderBase.clearReferencesThreads The web application [futureloan] appears to have started a thread named [C3P0PooledConnectionPoolManager[identityToken->6nq96ptrs4683sopy2|404baed8]-HelperThread-#2] but has failed to stop it. This is very likely to create a memory leak. Stack trace of thread:
 java.net.PlainSocketImpl.socketConnect(Native Method)
 java.net.AbstractPlainSocketImpl.doConnect(AbstractPlainSocketImpl.java:350)
 java.net.AbstractPlainSocketImpl.connectToAddress(AbstractPlainSocketImpl.java:206)
 java.net.AbstractPlainSocketImpl.connect(AbstractPlainSocketImpl.java:188)
 java.net.SocksSocketImpl.connect(SocksSocketImpl.java:392)
 java.net.Socket.connect(Socket.java:589)
 java.net.Socket.connect(Socket.java:538)
 java.net.Socket.<init>(Socket.java:434)
 java.net.Socket.<init>(Socket.java:244)
 com.mysql.jdbc.StandardSocketFactory.connect(StandardSocketFactory.java:253)
 com.mysql.jdbc.MysqlIO.<init>(MysqlIO.java:292)
 com.mysql.jdbc.ConnectionImpl.createNewIO(ConnectionImpl.java:2178)
 com.mysql.jdbc.ConnectionImpl.<init>(ConnectionImpl.java:784)
 com.mysql.jdbc.JDBC4Connection.<init>(JDBC4Connection.java:46)
 sun.reflect.GeneratedConstructorAccessor20.newInstance(Unknown Source)
 sun.reflect.DelegatingConstructorAccessorImpl.newInstance(DelegatingConstructorAccessorImpl.java:45)
 java.lang.reflect.Constructor.newInstance(Constructor.java:423)
 com.mysql.jdbc.Util.handleNewInstance(Util.java:406)
 com.mysql.jdbc.ConnectionImpl.getInstance(ConnectionImpl.java:354)
 com.mysql.jdbc.NonRegisteringDriver.connect(NonRegisteringDriver.java:284)
 com.mchange.v2.c3p0.DriverManagerDataSource.getConnection(DriverManagerDataSource.java:175)
 com.mchange.v2.c3p0.WrapperConnectionPoolDataSource.getPooledConnection(WrapperConnectionPoolDataSource.java:220)
 com.mchange.v2.c3p0.WrapperConnectionPoolDataSource.getPooledConnection(WrapperConnectionPoolDataSource.java:206)
 com.mchange.v2.c3p0.impl.C3P0PooledConnectionPool$1PooledConnectionResourcePoolManager.acquireResource(C3P0PooledConnectionPool.java:203)
 com.mchange.v2.resourcepool.BasicResourcePool.doAcquire(BasicResourcePool.java:1138)
 com.mchange.v2.resourcepool.BasicResourcePool.doAcquireAndDecrementPendingAcquiresWithinLockOnSuccess(BasicResourcePool.java:1125)
 com.mchange.v2.resourcepool.BasicResourcePool.access$700(BasicResourcePool.java:44)
 com.mchange.v2.resourcepool.BasicResourcePool$ScatteredAcquireTask.run(BasicResourcePool.java:1870)
 com.mchange.v2.async.ThreadPoolAsynchronousRunner$PoolThread.run(ThreadPoolAsynchronousRunner.java:696)
13-Jun-2019 00:53:50.120 INFO [main] org.apache.coyote.AbstractProtocol.stop Stopping ProtocolHandler ["http-nio-8080"]
13-Jun-2019 00:53:50.122 INFO [main] org.apache.coyote.AbstractProtocol.stop Stopping ProtocolHandler ["ajp-nio-8009"]
13-Jun-2019 00:53:50.123 INFO [main] org.apache.coyote.AbstractProtocol.destroy Destroying ProtocolHandler ["http-nio-8080"]
13-Jun-2019 00:53:50.123 INFO [main] org.apache.coyote.AbstractProtocol.destroy Destroying ProtocolHandler ["ajp-nio-8009"]
13-Jun-2019 00:53:58.447 INFO [main] org.apache.catalina.startup.VersionLoggerListener.log Server version:        Apache Tomcat/8.5.41
13-Jun-2019 00:53:58.452 INFO [main] org.apache.catalina.startup.VersionLoggerListener.log Server built:          May 4 2019 09:17:16 UTC
13-Jun-2019 00:53:58.452 INFO [main] org.apache.catalina.startup.VersionLoggerListener.log Server number:         8.5.41.0
13-Jun-2019 00:53:58.452 INFO [main] org.apache.catalina.startup.VersionLoggerListener.log OS Name:               Linux
13-Jun-2019 00:53:58.452 INFO [main] org.apache.catalina.startup.VersionLoggerListener.log OS Version:            2.6.32-754.14.2.el6.x86_64
13-Jun-2019 00:53:58.452 INFO [main] org.apache.catalina.startup.VersionLoggerListener.log Architecture:          amd64
13-Jun-2019 00:53:58.452 INFO [main] org.apache.catalina.startup.VersionLoggerListener.log Java Home:             /usr/local/jdk1.8.0_211/jre
13-Jun-2019 00:53:58.452 INFO [main] org.apache.catalina.startup.VersionLoggerListener.log JVM Version:           1.8.0_211-b12
13-Jun-2019 00:53:58.452 INFO [main] org.apache.catalina.startup.VersionLoggerListener.log JVM Vendor:            Oracle Corporation
13-Jun-2019 00:53:58.452 INFO [main] org.apache.catalina.startup.VersionLoggerListener.log CATALINA_BASE:         /usr/local/apache-tomcat-8.5.41
13-Jun-2019 00:53:58.452 INFO [main] org.apache.catalina.startup.VersionLoggerListener.log CATALINA_HOME:         /usr/local/apache-tomcat-8.5.41
13-Jun-2019 00:53:58.453 INFO [main] org.apache.catalina.startup.VersionLoggerListener.log Command line argument: -Djava.util.logging.config.file=/usr/local/apache-tomcat-8.5.41/conf/logging.properties
13-Jun-2019 00:53:58.453 INFO [main] org.apache.catalina.startup.VersionLoggerListener.log Command line argument: -Djava.util.logging.manager=org.apache.juli.ClassLoaderLogManager
13-Jun-2019 00:53:58.453 INFO [main] org.apache.catalina.startup.VersionLoggerListener.log Command line argument: -Djdk.tls.ephemeralDHKeySize=2048
13-Jun-2019 00:53:58.453 INFO [main] org.apache.catalina.startup.VersionLoggerListener.log Command line argument: -Djava.protocol.handler.pkgs=org.apache.catalina.webresources
13-Jun-2019 00:53:58.453 INFO [main] org.apache.catalina.startup.VersionLoggerListener.log Command line argument: -Dorg.apache.catalina.security.SecurityListener.UMASK=0027
13-Jun-2019 00:53:58.453 INFO [main] org.apache.catalina.startup.VersionLoggerListener.log Command line argument: -Dignore.endorsed.dirs=
13-Jun-2019 00:53:58.453 INFO [main] org.apache.catalina.startup.VersionLoggerListener.log Command line argument: -Dcatalina.base=/usr/local/apache-tomcat-8.5.41
13-Jun-2019 00:53:58.453 INFO [main] org.apache.catalina.startup.VersionLoggerListener.log Command line argument: -Dcatalina.home=/usr/local/apache-tomcat-8.5.41
13-Jun-2019 00:53:58.453 INFO [main] org.apache.catalina.startup.VersionLoggerListener.log Command line argument: -Djava.io.tmpdir=/usr/local/apache-tomcat-8.5.41/temp
13-Jun-2019 00:53:58.453 INFO [main] org.apache.catalina.core.AprLifecycleListener.lifecycleEvent The APR based Apache Tomcat Native library which allows optimal performance in production environments was not found on the java.library.path: [/usr/java/packages/lib/amd64:/usr/lib64:/lib64:/lib:/usr/lib]
13-Jun-2019 00:53:58.610 INFO [main] org.apache.coyote.AbstractProtocol.init Initializing ProtocolHandler ["http-nio-8080"]
13-Jun-2019 00:53:58.626 INFO [main] org.apache.tomcat.util.net.NioSelectorPool.getSharedSelector Using a shared selector for servlet write/read
13-Jun-2019 00:53:58.647 INFO [main] org.apache.coyote.AbstractProtocol.init Initializing ProtocolHandler ["ajp-nio-8009"]
13-Jun-2019 00:53:58.648 INFO [main] org.apache.tomcat.util.net.NioSelectorPool.getSharedSelector Using a shared selector for servlet write/read
13-Jun-2019 00:53:58.653 INFO [main] org.apache.catalina.startup.Catalina.load Initialization processed in 697 ms
13-Jun-2019 00:53:58.679 INFO [main] org.apache.catalina.core.StandardService.startInternal Starting service [Catalina]
13-Jun-2019 00:53:58.679 INFO [main] org.apache.catalina.core.StandardEngine.startInternal Starting Servlet Engine: Apache Tomcat/8.5.41
13-Jun-2019 00:53:58.698 INFO [localhost-startStop-1] org.apache.catalina.startup.HostConfig.deployWAR Deploying web application archive [/usr/local/apache-tomcat-8.5.41/webapps/futureloan.war]
13-Jun-2019 00:54:00.430 INFO [localhost-startStop-1] org.apache.jasper.servlet.TldScanner.scanJars At least one JAR was scanned for TLDs yet contained no TLDs. Enable debug logging for this logger for a complete list of JARs that were scanned but no TLDs were found in them. Skipping unneeded JARs during scanning can improve startup time and JSP compilation time.
13-Jun-2019 00:54:23.178 INFO [localhost-startStop-1] org.apache.catalina.startup.HostConfig.deployWAR Deployment of web application archive [/usr/local/apache-tomcat-8.5.41/webapps/futureloan.war] has finished in [24,479] ms
13-Jun-2019 00:54:23.178 INFO [localhost-startStop-1] org.apache.catalina.startup.HostConfig.deployDirectory Deploying web application directory [/usr/local/apache-tomcat-8.5.41/webapps/manager]
13-Jun-2019 00:54:23.218 INFO [localhost-startStop-1] org.apache.catalina.startup.HostConfig.deployDirectory Deployment of web application directory [/usr/local/apache-tomcat-8.5.41/webapps/manager] has finished in [40] ms
13-Jun-2019 00:54:23.219 INFO [localhost-startStop-1] org.apache.catalina.startup.HostConfig.deployDirectory Deploying web application directory [/usr/local/apache-tomcat-8.5.41/webapps/ROOT]
13-Jun-2019 00:54:23.243 INFO [localhost-startStop-1] org.apache.catalina.startup.HostConfig.deployDirectory Deployment of web application directory [/usr/local/apache-tomcat-8.5.41/webapps/ROOT] has finished in [23] ms
13-Jun-2019 00:54:23.244 INFO [localhost-startStop-1] org.apache.catalina.startup.HostConfig.deployDirectory Deploying web application directory [/usr/local/apache-tomcat-8.5.41/webapps/examples]
13-Jun-2019 00:54:23.487 INFO [localhost-startStop-1] org.apache.catalina.startup.HostConfig.deployDirectory Deployment of web application directory [/usr/local/apache-tomcat-8.5.41/webapps/examples] has finished in [243] ms
13-Jun-2019 00:54:23.487 INFO [localhost-startStop-1] org.apache.catalina.startup.HostConfig.deployDirectory Deploying web application directory [/usr/local/apache-tomcat-8.5.41/webapps/host-manager]
13-Jun-2019 00:54:23.505 INFO [localhost-startStop-1] org.apache.catalina.startup.HostConfig.deployDirectory Deployment of web application directory [/usr/local/apache-tomcat-8.5.41/webapps/host-manager] has finished in [18] ms
13-Jun-2019 00:54:23.506 INFO [localhost-startStop-1] org.apache.catalina.startup.HostConfig.deployDirectory Deploying web application directory [/usr/local/apache-tomcat-8.5.41/webapps/docs]
13-Jun-2019 00:54:23.528 INFO [localhost-startStop-1] org.apache.catalina.startup.HostConfig.deployDirectory Deployment of web application directory [/usr/local/apache-tomcat-8.5.41/webapps/docs] has finished in [22] ms
13-Jun-2019 00:54:23.534 INFO [main] org.apache.coyote.AbstractProtocol.start Starting ProtocolHandler ["http-nio-8080"]
13-Jun-2019 00:54:23.564 INFO [main] org.apache.coyote.AbstractProtocol.start Starting ProtocolHandler ["ajp-nio-8009"]
13-Jun-2019 00:54:23.583 INFO [main] org.apache.catalina.startup.Catalina.start Server startup in 24928 ms
