03-Jun-2019 18:00:07.508 INFO [Thread-9] org.apache.coyote.AbstractProtocol.pause Pausing ProtocolHandler ["http-nio-8080"]
03-Jun-2019 18:00:07.522 INFO [Thread-9] org.apache.coyote.AbstractProtocol.pause Pausing ProtocolHandler ["ajp-nio-8009"]
03-Jun-2019 18:00:07.522 INFO [Thread-9] org.apache.catalina.core.StandardService.stopInternal Stopping service [Catalina]
03-Jun-2019 18:00:07.611 WARNING [localhost-startStop-2] org.apache.catalina.loader.WebappClassLoaderBase.clearReferencesJdbc The web application [futureloan] registered the JDBC driver [com.mysql.jdbc.Driver] but failed to unregister it when the web application was stopped. To prevent a memory leak, the JDBC Driver has been forcibly unregistered.
03-Jun-2019 18:00:07.680 INFO [Thread-9] org.apache.coyote.AbstractProtocol.stop Stopping ProtocolHandler ["http-nio-8080"]
03-Jun-2019 18:00:07.689 INFO [Thread-9] org.apache.coyote.AbstractProtocol.stop Stopping ProtocolHandler ["ajp-nio-8009"]
03-Jun-2019 18:00:07.708 INFO [Thread-9] org.apache.coyote.AbstractProtocol.destroy Destroying ProtocolHandler ["http-nio-8080"]
03-Jun-2019 18:00:07.713 INFO [Thread-9] org.apache.coyote.AbstractProtocol.destroy Destroying ProtocolHandler ["ajp-nio-8009"]
03-Jun-2019 18:45:24.165 INFO [main] org.apache.catalina.startup.VersionLoggerListener.log Server version:        Apache Tomcat/8.5.41
03-Jun-2019 18:45:24.224 INFO [main] org.apache.catalina.startup.VersionLoggerListener.log Server built:          May 4 2019 09:17:16 UTC
03-Jun-2019 18:45:24.224 INFO [main] org.apache.catalina.startup.VersionLoggerListener.log Server number:         8.5.41.0
03-Jun-2019 18:45:24.224 INFO [main] org.apache.catalina.startup.VersionLoggerListener.log OS Name:               Linux
03-Jun-2019 18:45:24.224 INFO [main] org.apache.catalina.startup.VersionLoggerListener.log OS Version:            2.6.32-754.14.2.el6.x86_64
03-Jun-2019 18:45:24.224 INFO [main] org.apache.catalina.startup.VersionLoggerListener.log Architecture:          amd64
03-Jun-2019 18:45:24.224 INFO [main] org.apache.catalina.startup.VersionLoggerListener.log Java Home:             /usr/local/jdk1.8.0_211/jre
03-Jun-2019 18:45:24.224 INFO [main] org.apache.catalina.startup.VersionLoggerListener.log JVM Version:           1.8.0_211-b12
03-Jun-2019 18:45:24.224 INFO [main] org.apache.catalina.startup.VersionLoggerListener.log JVM Vendor:            Oracle Corporation
03-Jun-2019 18:45:24.224 INFO [main] org.apache.catalina.startup.VersionLoggerListener.log CATALINA_BASE:         /usr/local/apache-tomcat-8.5.41
03-Jun-2019 18:45:24.224 INFO [main] org.apache.catalina.startup.VersionLoggerListener.log CATALINA_HOME:         /usr/local/apache-tomcat-8.5.41
03-Jun-2019 18:45:24.225 INFO [main] org.apache.catalina.startup.VersionLoggerListener.log Command line argument: -Djava.util.logging.config.file=/usr/local/apache-tomcat-8.5.41/conf/logging.properties
03-Jun-2019 18:45:24.225 INFO [main] org.apache.catalina.startup.VersionLoggerListener.log Command line argument: -Djava.util.logging.manager=org.apache.juli.ClassLoaderLogManager
03-Jun-2019 18:45:24.225 INFO [main] org.apache.catalina.startup.VersionLoggerListener.log Command line argument: -Djdk.tls.ephemeralDHKeySize=2048
03-Jun-2019 18:45:24.225 INFO [main] org.apache.catalina.startup.VersionLoggerListener.log Command line argument: -Djava.protocol.handler.pkgs=org.apache.catalina.webresources
03-Jun-2019 18:45:24.225 INFO [main] org.apache.catalina.startup.VersionLoggerListener.log Command line argument: -Dorg.apache.catalina.security.SecurityListener.UMASK=0027
03-Jun-2019 18:45:24.225 INFO [main] org.apache.catalina.startup.VersionLoggerListener.log Command line argument: -Dignore.endorsed.dirs=
03-Jun-2019 18:45:24.225 INFO [main] org.apache.catalina.startup.VersionLoggerListener.log Command line argument: -Dcatalina.base=/usr/local/apache-tomcat-8.5.41
03-Jun-2019 18:45:24.225 INFO [main] org.apache.catalina.startup.VersionLoggerListener.log Command line argument: -Dcatalina.home=/usr/local/apache-tomcat-8.5.41
03-Jun-2019 18:45:24.225 INFO [main] org.apache.catalina.startup.VersionLoggerListener.log Command line argument: -Djava.io.tmpdir=/usr/local/apache-tomcat-8.5.41/temp
03-Jun-2019 18:45:24.225 INFO [main] org.apache.catalina.core.AprLifecycleListener.lifecycleEvent The APR based Apache Tomcat Native library which allows optimal performance in production environments was not found on the java.library.path: [/usr/java/packages/lib/amd64:/usr/lib64:/lib64:/lib:/usr/lib]
03-Jun-2019 18:45:24.668 INFO [main] org.apache.coyote.AbstractProtocol.init Initializing ProtocolHandler ["http-nio-8080"]
03-Jun-2019 18:45:24.700 INFO [main] org.apache.tomcat.util.net.NioSelectorPool.getSharedSelector Using a shared selector for servlet write/read
03-Jun-2019 18:45:24.725 INFO [main] org.apache.coyote.AbstractProtocol.init Initializing ProtocolHandler ["ajp-nio-8009"]
03-Jun-2019 18:45:24.727 INFO [main] org.apache.tomcat.util.net.NioSelectorPool.getSharedSelector Using a shared selector for servlet write/read
03-Jun-2019 18:45:24.730 INFO [main] org.apache.catalina.startup.Catalina.load Initialization processed in 1492 ms
03-Jun-2019 18:45:24.779 INFO [main] org.apache.catalina.core.StandardService.startInternal Starting service [Catalina]
03-Jun-2019 18:45:24.780 INFO [main] org.apache.catalina.core.StandardEngine.startInternal Starting Servlet Engine: Apache Tomcat/8.5.41
03-Jun-2019 18:45:24.847 INFO [localhost-startStop-1] org.apache.catalina.startup.HostConfig.deployWAR Deploying web application archive [/usr/local/apache-tomcat-8.5.41/webapps/futureloan.war]
03-Jun-2019 18:45:27.540 INFO [localhost-startStop-1] org.apache.jasper.servlet.TldScanner.scanJars At least one JAR was scanned for TLDs yet contained no TLDs. Enable debug logging for this logger for a complete list of JARs that were scanned but no TLDs were found in them. Skipping unneeded JARs during scanning can improve startup time and JSP compilation time.
03-Jun-2019 18:45:57.031 WARNING [localhost-startStop-1] org.apache.catalina.util.SessionIdGeneratorBase.createSecureRandom Creation of SecureRandom instance for session ID generation using [SHA1PRNG] took [2,090] milliseconds.
03-Jun-2019 18:45:57.725 INFO [localhost-startStop-1] org.apache.catalina.startup.HostConfig.deployWAR Deployment of web application archive [/usr/local/apache-tomcat-8.5.41/webapps/futureloan.war] has finished in [32,878] ms
03-Jun-2019 18:45:57.725 INFO [localhost-startStop-1] org.apache.catalina.startup.HostConfig.deployDirectory Deploying web application directory [/usr/local/apache-tomcat-8.5.41/webapps/manager]
03-Jun-2019 18:45:57.863 INFO [localhost-startStop-1] org.apache.catalina.startup.HostConfig.deployDirectory Deployment of web application directory [/usr/local/apache-tomcat-8.5.41/webapps/manager] has finished in [138] ms
03-Jun-2019 18:45:57.869 INFO [localhost-startStop-1] org.apache.catalina.startup.HostConfig.deployDirectory Deploying web application directory [/usr/local/apache-tomcat-8.5.41/webapps/ROOT]
03-Jun-2019 18:45:57.890 INFO [localhost-startStop-1] org.apache.catalina.startup.HostConfig.deployDirectory Deployment of web application directory [/usr/local/apache-tomcat-8.5.41/webapps/ROOT] has finished in [21] ms
03-Jun-2019 18:45:57.891 INFO [localhost-startStop-1] org.apache.catalina.startup.HostConfig.deployDirectory Deploying web application directory [/usr/local/apache-tomcat-8.5.41/webapps/examples]
03-Jun-2019 18:45:58.408 INFO [localhost-startStop-1] org.apache.catalina.startup.HostConfig.deployDirectory Deployment of web application directory [/usr/local/apache-tomcat-8.5.41/webapps/examples] has finished in [517] ms
03-Jun-2019 18:45:58.411 INFO [localhost-startStop-1] org.apache.catalina.startup.HostConfig.deployDirectory Deploying web application directory [/usr/local/apache-tomcat-8.5.41/webapps/host-manager]
03-Jun-2019 18:45:58.458 INFO [localhost-startStop-1] org.apache.catalina.startup.HostConfig.deployDirectory Deployment of web application directory [/usr/local/apache-tomcat-8.5.41/webapps/host-manager] has finished in [47] ms
03-Jun-2019 18:45:58.458 INFO [localhost-startStop-1] org.apache.catalina.startup.HostConfig.deployDirectory Deploying web application directory [/usr/local/apache-tomcat-8.5.41/webapps/docs]
03-Jun-2019 18:45:58.489 INFO [localhost-startStop-1] org.apache.catalina.startup.HostConfig.deployDirectory Deployment of web application directory [/usr/local/apache-tomcat-8.5.41/webapps/docs] has finished in [31] ms
03-Jun-2019 18:45:58.494 INFO [main] org.apache.coyote.AbstractProtocol.start Starting ProtocolHandler ["http-nio-8080"]
03-Jun-2019 18:45:58.521 INFO [main] org.apache.coyote.AbstractProtocol.start Starting ProtocolHandler ["ajp-nio-8009"]
03-Jun-2019 18:45:58.544 INFO [main] org.apache.catalina.startup.Catalina.start Server startup in 33814 ms
03-Jun-2019 18:49:41.585 INFO [Thread-9] org.apache.coyote.AbstractProtocol.pause Pausing ProtocolHandler ["http-nio-8080"]
03-Jun-2019 18:49:41.593 INFO [Thread-9] org.apache.coyote.AbstractProtocol.pause Pausing ProtocolHandler ["ajp-nio-8009"]
03-Jun-2019 18:49:41.593 INFO [Thread-9] org.apache.catalina.core.StandardService.stopInternal Stopping service [Catalina]
03-Jun-2019 18:49:41.630 WARNING [localhost-startStop-2] org.apache.catalina.loader.WebappClassLoaderBase.clearReferencesJdbc The web application [futureloan] registered the JDBC driver [com.mysql.jdbc.Driver] but failed to unregister it when the web application was stopped. To prevent a memory leak, the JDBC Driver has been forcibly unregistered.
03-Jun-2019 18:49:41.633 WARNING [localhost-startStop-2] org.apache.catalina.loader.WebappClassLoaderBase.clearReferencesThreads The web application [futureloan] appears to have started a thread named [Resource Destroyer in BasicResourcePool.close()] but has failed to stop it. This is very likely to create a memory leak. Stack trace of thread:
 java.io.BufferedOutputStream.write(BufferedOutputStream.java:117)
 com.mysql.jdbc.MysqlIO.send(MysqlIO.java:3297)
 com.mysql.jdbc.MysqlIO.quit(MysqlIO.java:1667)
 com.mysql.jdbc.ConnectionImpl.realClose(ConnectionImpl.java:4458)
 com.mysql.jdbc.ConnectionImpl.close(ConnectionImpl.java:1552)
 com.mchange.v2.c3p0.impl.NewPooledConnection.close(NewPooledConnection.java:642)
 com.mchange.v2.c3p0.impl.NewPooledConnection.closeMaybeCheckedOut(NewPooledConnection.java:255)
 com.mchange.v2.c3p0.impl.C3P0PooledConnectionPool$1PooledConnectionResourcePoolManager.destroyResource(C3P0PooledConnectionPool.java:622)
 com.mchange.v2.resourcepool.BasicResourcePool$1DestroyResourceTask.run(BasicResourcePool.java:1076)
 com.mchange.v2.resourcepool.BasicResourcePool.destroyResource(BasicResourcePool.java:1101)
 com.mchange.v2.resourcepool.BasicResourcePool.destroyResource(BasicResourcePool.java:1062)
 com.mchange.v2.resourcepool.BasicResourcePool.access$100(BasicResourcePool.java:44)
 com.mchange.v2.resourcepool.BasicResourcePool$5.run(BasicResourcePool.java:1316)
03-Jun-2019 18:49:41.673 INFO [Thread-9] org.apache.coyote.AbstractProtocol.stop Stopping ProtocolHandler ["http-nio-8080"]
03-Jun-2019 18:49:41.675 INFO [Thread-9] org.apache.coyote.AbstractProtocol.stop Stopping ProtocolHandler ["ajp-nio-8009"]
03-Jun-2019 18:49:41.682 INFO [Thread-9] org.apache.coyote.AbstractProtocol.destroy Destroying ProtocolHandler ["http-nio-8080"]
03-Jun-2019 18:49:41.683 INFO [Thread-9] org.apache.coyote.AbstractProtocol.destroy Destroying ProtocolHandler ["ajp-nio-8009"]
03-Jun-2019 19:45:28.216 INFO [main] org.apache.catalina.startup.VersionLoggerListener.log Server version:        Apache Tomcat/8.5.41
03-Jun-2019 19:45:28.240 INFO [main] org.apache.catalina.startup.VersionLoggerListener.log Server built:          May 4 2019 09:17:16 UTC
03-Jun-2019 19:45:28.240 INFO [main] org.apache.catalina.startup.VersionLoggerListener.log Server number:         8.5.41.0
03-Jun-2019 19:45:28.240 INFO [main] org.apache.catalina.startup.VersionLoggerListener.log OS Name:               Linux
03-Jun-2019 19:45:28.240 INFO [main] org.apache.catalina.startup.VersionLoggerListener.log OS Version:            2.6.32-754.14.2.el6.x86_64
03-Jun-2019 19:45:28.240 INFO [main] org.apache.catalina.startup.VersionLoggerListener.log Architecture:          amd64
03-Jun-2019 19:45:28.240 INFO [main] org.apache.catalina.startup.VersionLoggerListener.log Java Home:             /usr/local/jdk1.8.0_211/jre
03-Jun-2019 19:45:28.240 INFO [main] org.apache.catalina.startup.VersionLoggerListener.log JVM Version:           1.8.0_211-b12
03-Jun-2019 19:45:28.240 INFO [main] org.apache.catalina.startup.VersionLoggerListener.log JVM Vendor:            Oracle Corporation
03-Jun-2019 19:45:28.240 INFO [main] org.apache.catalina.startup.VersionLoggerListener.log CATALINA_BASE:         /usr/local/apache-tomcat-8.5.41
03-Jun-2019 19:45:28.241 INFO [main] org.apache.catalina.startup.VersionLoggerListener.log CATALINA_HOME:         /usr/local/apache-tomcat-8.5.41
03-Jun-2019 19:45:28.241 INFO [main] org.apache.catalina.startup.VersionLoggerListener.log Command line argument: -Djava.util.logging.config.file=/usr/local/apache-tomcat-8.5.41/conf/logging.properties
03-Jun-2019 19:45:28.241 INFO [main] org.apache.catalina.startup.VersionLoggerListener.log Command line argument: -Djava.util.logging.manager=org.apache.juli.ClassLoaderLogManager
03-Jun-2019 19:45:28.241 INFO [main] org.apache.catalina.startup.VersionLoggerListener.log Command line argument: -Djdk.tls.ephemeralDHKeySize=2048
03-Jun-2019 19:45:28.241 INFO [main] org.apache.catalina.startup.VersionLoggerListener.log Command line argument: -Djava.protocol.handler.pkgs=org.apache.catalina.webresources
03-Jun-2019 19:45:28.241 INFO [main] org.apache.catalina.startup.VersionLoggerListener.log Command line argument: -Dorg.apache.catalina.security.SecurityListener.UMASK=0027
03-Jun-2019 19:45:28.241 INFO [main] org.apache.catalina.startup.VersionLoggerListener.log Command line argument: -Dignore.endorsed.dirs=
03-Jun-2019 19:45:28.241 INFO [main] org.apache.catalina.startup.VersionLoggerListener.log Command line argument: -Dcatalina.base=/usr/local/apache-tomcat-8.5.41
03-Jun-2019 19:45:28.241 INFO [main] org.apache.catalina.startup.VersionLoggerListener.log Command line argument: -Dcatalina.home=/usr/local/apache-tomcat-8.5.41
03-Jun-2019 19:45:28.241 INFO [main] org.apache.catalina.startup.VersionLoggerListener.log Command line argument: -Djava.io.tmpdir=/usr/local/apache-tomcat-8.5.41/temp
03-Jun-2019 19:45:28.241 INFO [main] org.apache.catalina.core.AprLifecycleListener.lifecycleEvent The APR based Apache Tomcat Native library which allows optimal performance in production environments was not found on the java.library.path: [/usr/java/packages/lib/amd64:/usr/lib64:/lib64:/lib:/usr/lib]
03-Jun-2019 19:45:28.905 INFO [main] org.apache.coyote.AbstractProtocol.init Initializing ProtocolHandler ["http-nio-8080"]
03-Jun-2019 19:45:29.063 INFO [main] org.apache.tomcat.util.net.NioSelectorPool.getSharedSelector Using a shared selector for servlet write/read
03-Jun-2019 19:45:29.115 INFO [main] org.apache.coyote.AbstractProtocol.init Initializing ProtocolHandler ["ajp-nio-8009"]
03-Jun-2019 19:45:29.117 INFO [main] org.apache.tomcat.util.net.NioSelectorPool.getSharedSelector Using a shared selector for servlet write/read
03-Jun-2019 19:45:29.129 INFO [main] org.apache.catalina.startup.Catalina.load Initialization processed in 2239 ms
03-Jun-2019 19:45:29.646 INFO [main] org.apache.catalina.core.StandardService.startInternal Starting service [Catalina]
03-Jun-2019 19:45:29.647 INFO [main] org.apache.catalina.core.StandardEngine.startInternal Starting Servlet Engine: Apache Tomcat/8.5.41
03-Jun-2019 19:45:29.714 INFO [localhost-startStop-1] org.apache.catalina.startup.HostConfig.deployWAR Deploying web application archive [/usr/local/apache-tomcat-8.5.41/webapps/futureloan.war]
03-Jun-2019 19:45:31.974 INFO [localhost-startStop-1] org.apache.jasper.servlet.TldScanner.scanJars At least one JAR was scanned for TLDs yet contained no TLDs. Enable debug logging for this logger for a complete list of JARs that were scanned but no TLDs were found in them. Skipping unneeded JARs during scanning can improve startup time and JSP compilation time.
03-Jun-2019 19:45:59.677 INFO [localhost-startStop-1] org.apache.catalina.startup.HostConfig.deployWAR Deployment of web application archive [/usr/local/apache-tomcat-8.5.41/webapps/futureloan.war] has finished in [29,964] ms
03-Jun-2019 19:45:59.685 INFO [localhost-startStop-1] org.apache.catalina.startup.HostConfig.deployDirectory Deploying web application directory [/usr/local/apache-tomcat-8.5.41/webapps/manager]
03-Jun-2019 19:45:59.730 INFO [localhost-startStop-1] org.apache.catalina.startup.HostConfig.deployDirectory Deployment of web application directory [/usr/local/apache-tomcat-8.5.41/webapps/manager] has finished in [45] ms
03-Jun-2019 19:45:59.730 INFO [localhost-startStop-1] org.apache.catalina.startup.HostConfig.deployDirectory Deploying web application directory [/usr/local/apache-tomcat-8.5.41/webapps/ROOT]
03-Jun-2019 19:45:59.754 INFO [localhost-startStop-1] org.apache.catalina.startup.HostConfig.deployDirectory Deployment of web application directory [/usr/local/apache-tomcat-8.5.41/webapps/ROOT] has finished in [24] ms
03-Jun-2019 19:45:59.755 INFO [localhost-startStop-1] org.apache.catalina.startup.HostConfig.deployDirectory Deploying web application directory [/usr/local/apache-tomcat-8.5.41/webapps/examples]
03-Jun-2019 19:46:00.013 INFO [localhost-startStop-1] org.apache.catalina.startup.HostConfig.deployDirectory Deployment of web application directory [/usr/local/apache-tomcat-8.5.41/webapps/examples] has finished in [258] ms
03-Jun-2019 19:46:00.016 INFO [localhost-startStop-1] org.apache.catalina.startup.HostConfig.deployDirectory Deploying web application directory [/usr/local/apache-tomcat-8.5.41/webapps/host-manager]
03-Jun-2019 19:46:00.046 INFO [localhost-startStop-1] org.apache.catalina.startup.HostConfig.deployDirectory Deployment of web application directory [/usr/local/apache-tomcat-8.5.41/webapps/host-manager] has finished in [23] ms
03-Jun-2019 19:46:00.046 INFO [localhost-startStop-1] org.apache.catalina.startup.HostConfig.deployDirectory Deploying web application directory [/usr/local/apache-tomcat-8.5.41/webapps/docs]
03-Jun-2019 19:46:00.062 INFO [localhost-startStop-1] org.apache.catalina.startup.HostConfig.deployDirectory Deployment of web application directory [/usr/local/apache-tomcat-8.5.41/webapps/docs] has finished in [16] ms
03-Jun-2019 19:46:00.071 INFO [main] org.apache.coyote.AbstractProtocol.start Starting ProtocolHandler ["http-nio-8080"]
03-Jun-2019 19:46:00.111 INFO [main] org.apache.coyote.AbstractProtocol.start Starting ProtocolHandler ["ajp-nio-8009"]
03-Jun-2019 19:46:00.127 INFO [main] org.apache.catalina.startup.Catalina.start Server startup in 30997 ms
03-Jun-2019 19:56:22.893 INFO [Thread-9] org.apache.coyote.AbstractProtocol.pause Pausing ProtocolHandler ["http-nio-8080"]
03-Jun-2019 19:56:22.894 INFO [Thread-9] org.apache.coyote.AbstractProtocol.pause Pausing ProtocolHandler ["ajp-nio-8009"]
03-Jun-2019 19:56:22.895 INFO [Thread-9] org.apache.catalina.core.StandardService.stopInternal Stopping service [Catalina]
03-Jun-2019 19:56:22.915 WARNING [localhost-startStop-2] org.apache.catalina.loader.WebappClassLoaderBase.clearReferencesJdbc The web application [futureloan] registered the JDBC driver [com.mysql.jdbc.Driver] but failed to unregister it when the web application was stopped. To prevent a memory leak, the JDBC Driver has been forcibly unregistered.
03-Jun-2019 19:56:22.946 INFO [Thread-9] org.apache.coyote.AbstractProtocol.stop Stopping ProtocolHandler ["http-nio-8080"]
03-Jun-2019 19:56:22.949 INFO [Thread-9] org.apache.coyote.AbstractProtocol.stop Stopping ProtocolHandler ["ajp-nio-8009"]
03-Jun-2019 19:56:22.952 INFO [Thread-9] org.apache.coyote.AbstractProtocol.destroy Destroying ProtocolHandler ["http-nio-8080"]
03-Jun-2019 19:56:22.953 INFO [Thread-9] org.apache.coyote.AbstractProtocol.destroy Destroying ProtocolHandler ["ajp-nio-8009"]
03-Jun-2019 19:57:05.636 INFO [main] org.apache.catalina.startup.VersionLoggerListener.log Server version:        Apache Tomcat/8.5.41
03-Jun-2019 19:57:05.647 INFO [main] org.apache.catalina.startup.VersionLoggerListener.log Server built:          May 4 2019 09:17:16 UTC
03-Jun-2019 19:57:05.647 INFO [main] org.apache.catalina.startup.VersionLoggerListener.log Server number:         8.5.41.0
03-Jun-2019 19:57:05.647 INFO [main] org.apache.catalina.startup.VersionLoggerListener.log OS Name:               Linux
03-Jun-2019 19:57:05.647 INFO [main] org.apache.catalina.startup.VersionLoggerListener.log OS Version:            2.6.32-754.14.2.el6.x86_64
03-Jun-2019 19:57:05.647 INFO [main] org.apache.catalina.startup.VersionLoggerListener.log Architecture:          amd64
03-Jun-2019 19:57:05.648 INFO [main] org.apache.catalina.startup.VersionLoggerListener.log Java Home:             /usr/local/jdk1.8.0_211/jre
03-Jun-2019 19:57:05.648 INFO [main] org.apache.catalina.startup.VersionLoggerListener.log JVM Version:           1.8.0_211-b12
03-Jun-2019 19:57:05.648 INFO [main] org.apache.catalina.startup.VersionLoggerListener.log JVM Vendor:            Oracle Corporation
03-Jun-2019 19:57:05.648 INFO [main] org.apache.catalina.startup.VersionLoggerListener.log CATALINA_BASE:         /usr/local/apache-tomcat-8.5.41
03-Jun-2019 19:57:05.648 INFO [main] org.apache.catalina.startup.VersionLoggerListener.log CATALINA_HOME:         /usr/local/apache-tomcat-8.5.41
03-Jun-2019 19:57:05.648 INFO [main] org.apache.catalina.startup.VersionLoggerListener.log Command line argument: -Djava.util.logging.config.file=/usr/local/apache-tomcat-8.5.41/conf/logging.properties
03-Jun-2019 19:57:05.648 INFO [main] org.apache.catalina.startup.VersionLoggerListener.log Command line argument: -Djava.util.logging.manager=org.apache.juli.ClassLoaderLogManager
03-Jun-2019 19:57:05.648 INFO [main] org.apache.catalina.startup.VersionLoggerListener.log Command line argument: -Djdk.tls.ephemeralDHKeySize=2048
03-Jun-2019 19:57:05.648 INFO [main] org.apache.catalina.startup.VersionLoggerListener.log Command line argument: -Djava.protocol.handler.pkgs=org.apache.catalina.webresources
03-Jun-2019 19:57:05.648 INFO [main] org.apache.catalina.startup.VersionLoggerListener.log Command line argument: -Dorg.apache.catalina.security.SecurityListener.UMASK=0027
03-Jun-2019 19:57:05.653 INFO [main] org.apache.catalina.startup.VersionLoggerListener.log Command line argument: -Dignore.endorsed.dirs=
03-Jun-2019 19:57:05.653 INFO [main] org.apache.catalina.startup.VersionLoggerListener.log Command line argument: -Dcatalina.base=/usr/local/apache-tomcat-8.5.41
03-Jun-2019 19:57:05.653 INFO [main] org.apache.catalina.startup.VersionLoggerListener.log Command line argument: -Dcatalina.home=/usr/local/apache-tomcat-8.5.41
03-Jun-2019 19:57:05.653 INFO [main] org.apache.catalina.startup.VersionLoggerListener.log Command line argument: -Djava.io.tmpdir=/usr/local/apache-tomcat-8.5.41/temp
03-Jun-2019 19:57:05.654 INFO [main] org.apache.catalina.core.AprLifecycleListener.lifecycleEvent The APR based Apache Tomcat Native library which allows optimal performance in production environments was not found on the java.library.path: [/usr/java/packages/lib/amd64:/usr/lib64:/lib64:/lib:/usr/lib]
03-Jun-2019 19:57:06.474 INFO [main] org.apache.coyote.AbstractProtocol.init Initializing ProtocolHandler ["http-nio-8080"]
03-Jun-2019 19:57:06.968 INFO [main] org.apache.tomcat.util.net.NioSelectorPool.getSharedSelector Using a shared selector for servlet write/read
03-Jun-2019 19:57:07.017 INFO [main] org.apache.coyote.AbstractProtocol.init Initializing ProtocolHandler ["ajp-nio-8009"]
03-Jun-2019 19:57:07.019 INFO [main] org.apache.tomcat.util.net.NioSelectorPool.getSharedSelector Using a shared selector for servlet write/read
03-Jun-2019 19:57:07.030 INFO [main] org.apache.catalina.startup.Catalina.load Initialization processed in 2829 ms
03-Jun-2019 19:57:07.103 INFO [main] org.apache.catalina.core.StandardService.startInternal Starting service [Catalina]
03-Jun-2019 19:57:07.104 INFO [main] org.apache.catalina.core.StandardEngine.startInternal Starting Servlet Engine: Apache Tomcat/8.5.41
03-Jun-2019 19:57:07.188 INFO [localhost-startStop-1] org.apache.catalina.startup.HostConfig.deployWAR Deploying web application archive [/usr/local/apache-tomcat-8.5.41/webapps/futureloan.war]
03-Jun-2019 19:57:09.293 INFO [localhost-startStop-1] org.apache.jasper.servlet.TldScanner.scanJars At least one JAR was scanned for TLDs yet contained no TLDs. Enable debug logging for this logger for a complete list of JARs that were scanned but no TLDs were found in them. Skipping unneeded JARs during scanning can improve startup time and JSP compilation time.
03-Jun-2019 19:57:34.673 WARNING [localhost-startStop-1] org.apache.catalina.util.SessionIdGeneratorBase.createSecureRandom Creation of SecureRandom instance for session ID generation using [SHA1PRNG] took [2,993] milliseconds.
03-Jun-2019 19:57:35.254 INFO [localhost-startStop-1] org.apache.catalina.startup.HostConfig.deployWAR Deployment of web application archive [/usr/local/apache-tomcat-8.5.41/webapps/futureloan.war] has finished in [28,065] ms
03-Jun-2019 19:57:35.257 INFO [localhost-startStop-1] org.apache.catalina.startup.HostConfig.deployDirectory Deploying web application directory [/usr/local/apache-tomcat-8.5.41/webapps/manager]
03-Jun-2019 19:57:35.305 INFO [localhost-startStop-1] org.apache.catalina.startup.HostConfig.deployDirectory Deployment of web application directory [/usr/local/apache-tomcat-8.5.41/webapps/manager] has finished in [48] ms
03-Jun-2019 19:57:35.305 INFO [localhost-startStop-1] org.apache.catalina.startup.HostConfig.deployDirectory Deploying web application directory [/usr/local/apache-tomcat-8.5.41/webapps/ROOT]
03-Jun-2019 19:57:35.327 INFO [localhost-startStop-1] org.apache.catalina.startup.HostConfig.deployDirectory Deployment of web application directory [/usr/local/apache-tomcat-8.5.41/webapps/ROOT] has finished in [22] ms
03-Jun-2019 19:57:35.328 INFO [localhost-startStop-1] org.apache.catalina.startup.HostConfig.deployDirectory Deploying web application directory [/usr/local/apache-tomcat-8.5.41/webapps/examples]
03-Jun-2019 19:57:35.599 INFO [localhost-startStop-1] org.apache.catalina.startup.HostConfig.deployDirectory Deployment of web application directory [/usr/local/apache-tomcat-8.5.41/webapps/examples] has finished in [271] ms
03-Jun-2019 19:57:35.603 INFO [localhost-startStop-1] org.apache.catalina.startup.HostConfig.deployDirectory Deploying web application directory [/usr/local/apache-tomcat-8.5.41/webapps/host-manager]
03-Jun-2019 19:57:35.625 INFO [localhost-startStop-1] org.apache.catalina.startup.HostConfig.deployDirectory Deployment of web application directory [/usr/local/apache-tomcat-8.5.41/webapps/host-manager] has finished in [23] ms
03-Jun-2019 19:57:35.626 INFO [localhost-startStop-1] org.apache.catalina.startup.HostConfig.deployDirectory Deploying web application directory [/usr/local/apache-tomcat-8.5.41/webapps/docs]
03-Jun-2019 19:57:35.646 INFO [localhost-startStop-1] org.apache.catalina.startup.HostConfig.deployDirectory Deployment of web application directory [/usr/local/apache-tomcat-8.5.41/webapps/docs] has finished in [20] ms
03-Jun-2019 19:57:35.654 INFO [main] org.apache.coyote.AbstractProtocol.start Starting ProtocolHandler ["http-nio-8080"]
03-Jun-2019 19:57:35.676 INFO [main] org.apache.coyote.AbstractProtocol.start Starting ProtocolHandler ["ajp-nio-8009"]
03-Jun-2019 19:57:35.679 INFO [main] org.apache.catalina.startup.Catalina.start Server startup in 28648 ms
03-Jun-2019 20:08:22.429 INFO [Thread-9] org.apache.coyote.AbstractProtocol.pause Pausing ProtocolHandler ["http-nio-8080"]
03-Jun-2019 20:08:22.440 INFO [Thread-9] org.apache.coyote.AbstractProtocol.pause Pausing ProtocolHandler ["ajp-nio-8009"]
03-Jun-2019 20:08:22.441 INFO [Thread-9] org.apache.catalina.core.StandardService.stopInternal Stopping service [Catalina]
03-Jun-2019 20:08:22.582 WARNING [localhost-startStop-2] org.apache.catalina.loader.WebappClassLoaderBase.clearReferencesJdbc The web application [futureloan] registered the JDBC driver [com.mysql.jdbc.Driver] but failed to unregister it when the web application was stopped. To prevent a memory leak, the JDBC Driver has been forcibly unregistered.
03-Jun-2019 20:08:22.589 WARNING [localhost-startStop-2] org.apache.catalina.loader.WebappClassLoaderBase.clearReferencesThreads The web application [futureloan] appears to have started a thread named [Resource Destroyer in BasicResourcePool.close()] but has failed to stop it. This is very likely to create a memory leak. Stack trace of thread:
03-Jun-2019 20:08:22.658 INFO [Thread-9] org.apache.coyote.AbstractProtocol.stop Stopping ProtocolHandler ["http-nio-8080"]
03-Jun-2019 20:08:22.665 INFO [Thread-9] org.apache.coyote.AbstractProtocol.stop Stopping ProtocolHandler ["ajp-nio-8009"]
03-Jun-2019 20:08:22.674 INFO [Thread-9] org.apache.coyote.AbstractProtocol.destroy Destroying ProtocolHandler ["http-nio-8080"]
03-Jun-2019 20:08:22.680 INFO [Thread-9] org.apache.coyote.AbstractProtocol.destroy Destroying ProtocolHandler ["ajp-nio-8009"]
03-Jun-2019 20:09:15.534 INFO [main] org.apache.catalina.startup.VersionLoggerListener.log Server version:        Apache Tomcat/8.5.41
03-Jun-2019 20:09:15.542 INFO [main] org.apache.catalina.startup.VersionLoggerListener.log Server built:          May 4 2019 09:17:16 UTC
03-Jun-2019 20:09:15.542 INFO [main] org.apache.catalina.startup.VersionLoggerListener.log Server number:         8.5.41.0
03-Jun-2019 20:09:15.543 INFO [main] org.apache.catalina.startup.VersionLoggerListener.log OS Name:               Linux
03-Jun-2019 20:09:15.543 INFO [main] org.apache.catalina.startup.VersionLoggerListener.log OS Version:            2.6.32-754.14.2.el6.x86_64
03-Jun-2019 20:09:15.543 INFO [main] org.apache.catalina.startup.VersionLoggerListener.log Architecture:          amd64
03-Jun-2019 20:09:15.543 INFO [main] org.apache.catalina.startup.VersionLoggerListener.log Java Home:             /usr/local/jdk1.8.0_211/jre
03-Jun-2019 20:09:15.543 INFO [main] org.apache.catalina.startup.VersionLoggerListener.log JVM Version:           1.8.0_211-b12
03-Jun-2019 20:09:15.543 INFO [main] org.apache.catalina.startup.VersionLoggerListener.log JVM Vendor:            Oracle Corporation
03-Jun-2019 20:09:15.543 INFO [main] org.apache.catalina.startup.VersionLoggerListener.log CATALINA_BASE:         /usr/local/apache-tomcat-8.5.41
03-Jun-2019 20:09:15.543 INFO [main] org.apache.catalina.startup.VersionLoggerListener.log CATALINA_HOME:         /usr/local/apache-tomcat-8.5.41
03-Jun-2019 20:09:15.543 INFO [main] org.apache.catalina.startup.VersionLoggerListener.log Command line argument: -Djava.util.logging.config.file=/usr/local/apache-tomcat-8.5.41/conf/logging.properties
03-Jun-2019 20:09:15.544 INFO [main] org.apache.catalina.startup.VersionLoggerListener.log Command line argument: -Djava.util.logging.manager=org.apache.juli.ClassLoaderLogManager
03-Jun-2019 20:09:15.544 INFO [main] org.apache.catalina.startup.VersionLoggerListener.log Command line argument: -Djdk.tls.ephemeralDHKeySize=2048
03-Jun-2019 20:09:15.544 INFO [main] org.apache.catalina.startup.VersionLoggerListener.log Command line argument: -Djava.protocol.handler.pkgs=org.apache.catalina.webresources
03-Jun-2019 20:09:15.544 INFO [main] org.apache.catalina.startup.VersionLoggerListener.log Command line argument: -Dorg.apache.catalina.security.SecurityListener.UMASK=0027
03-Jun-2019 20:09:15.544 INFO [main] org.apache.catalina.startup.VersionLoggerListener.log Command line argument: -Dignore.endorsed.dirs=
03-Jun-2019 20:09:15.544 INFO [main] org.apache.catalina.startup.VersionLoggerListener.log Command line argument: -Dcatalina.base=/usr/local/apache-tomcat-8.5.41
03-Jun-2019 20:09:15.544 INFO [main] org.apache.catalina.startup.VersionLoggerListener.log Command line argument: -Dcatalina.home=/usr/local/apache-tomcat-8.5.41
03-Jun-2019 20:09:15.544 INFO [main] org.apache.catalina.startup.VersionLoggerListener.log Command line argument: -Djava.io.tmpdir=/usr/local/apache-tomcat-8.5.41/temp
03-Jun-2019 20:09:15.546 INFO [main] org.apache.catalina.core.AprLifecycleListener.lifecycleEvent The APR based Apache Tomcat Native library which allows optimal performance in production environments was not found on the java.library.path: [/usr/java/packages/lib/amd64:/usr/lib64:/lib64:/lib:/usr/lib]
03-Jun-2019 20:09:17.180 INFO [main] org.apache.coyote.AbstractProtocol.init Initializing ProtocolHandler ["http-nio-8080"]
03-Jun-2019 20:09:17.268 INFO [main] org.apache.tomcat.util.net.NioSelectorPool.getSharedSelector Using a shared selector for servlet write/read
03-Jun-2019 20:09:17.330 INFO [main] org.apache.coyote.AbstractProtocol.init Initializing ProtocolHandler ["ajp-nio-8009"]
03-Jun-2019 20:09:17.333 INFO [main] org.apache.tomcat.util.net.NioSelectorPool.getSharedSelector Using a shared selector for servlet write/read
03-Jun-2019 20:09:17.336 INFO [main] org.apache.catalina.startup.Catalina.load Initialization processed in 3340 ms
03-Jun-2019 20:09:17.427 INFO [main] org.apache.catalina.core.StandardService.startInternal Starting service [Catalina]
03-Jun-2019 20:09:17.427 INFO [main] org.apache.catalina.core.StandardEngine.startInternal Starting Servlet Engine: Apache Tomcat/8.5.41
03-Jun-2019 20:09:17.539 INFO [localhost-startStop-1] org.apache.catalina.startup.HostConfig.deployWAR Deploying web application archive [/usr/local/apache-tomcat-8.5.41/webapps/futureloan.war]
03-Jun-2019 20:09:20.164 INFO [localhost-startStop-1] org.apache.jasper.servlet.TldScanner.scanJars At least one JAR was scanned for TLDs yet contained no TLDs. Enable debug logging for this logger for a complete list of JARs that were scanned but no TLDs were found in them. Skipping unneeded JARs during scanning can improve startup time and JSP compilation time.
03-Jun-2019 20:09:43.390 INFO [localhost-startStop-1] org.apache.catalina.startup.HostConfig.deployWAR Deployment of web application archive [/usr/local/apache-tomcat-8.5.41/webapps/futureloan.war] has finished in [25,850] ms
03-Jun-2019 20:09:43.391 INFO [localhost-startStop-1] org.apache.catalina.startup.HostConfig.deployDirectory Deploying web application directory [/usr/local/apache-tomcat-8.5.41/webapps/manager]
03-Jun-2019 20:09:43.438 INFO [localhost-startStop-1] org.apache.catalina.startup.HostConfig.deployDirectory Deployment of web application directory [/usr/local/apache-tomcat-8.5.41/webapps/manager] has finished in [47] ms
03-Jun-2019 20:09:43.441 INFO [localhost-startStop-1] org.apache.catalina.startup.HostConfig.deployDirectory Deploying web application directory [/usr/local/apache-tomcat-8.5.41/webapps/ROOT]
03-Jun-2019 20:09:43.465 INFO [localhost-startStop-1] org.apache.catalina.startup.HostConfig.deployDirectory Deployment of web application directory [/usr/local/apache-tomcat-8.5.41/webapps/ROOT] has finished in [24] ms
03-Jun-2019 20:09:43.467 INFO [localhost-startStop-1] org.apache.catalina.startup.HostConfig.deployDirectory Deploying web application directory [/usr/local/apache-tomcat-8.5.41/webapps/examples]
03-Jun-2019 20:09:43.751 INFO [localhost-startStop-1] org.apache.catalina.startup.HostConfig.deployDirectory Deployment of web application directory [/usr/local/apache-tomcat-8.5.41/webapps/examples] has finished in [284] ms
03-Jun-2019 20:09:43.751 INFO [localhost-startStop-1] org.apache.catalina.startup.HostConfig.deployDirectory Deploying web application directory [/usr/local/apache-tomcat-8.5.41/webapps/host-manager]
03-Jun-2019 20:09:43.776 INFO [localhost-startStop-1] org.apache.catalina.startup.HostConfig.deployDirectory Deployment of web application directory [/usr/local/apache-tomcat-8.5.41/webapps/host-manager] has finished in [25] ms
03-Jun-2019 20:09:43.777 INFO [localhost-startStop-1] org.apache.catalina.startup.HostConfig.deployDirectory Deploying web application directory [/usr/local/apache-tomcat-8.5.41/webapps/docs]
03-Jun-2019 20:09:43.797 INFO [localhost-startStop-1] org.apache.catalina.startup.HostConfig.deployDirectory Deployment of web application directory [/usr/local/apache-tomcat-8.5.41/webapps/docs] has finished in [20] ms
03-Jun-2019 20:09:43.805 INFO [main] org.apache.coyote.AbstractProtocol.start Starting ProtocolHandler ["http-nio-8080"]
03-Jun-2019 20:09:43.835 INFO [main] org.apache.coyote.AbstractProtocol.start Starting ProtocolHandler ["ajp-nio-8009"]
03-Jun-2019 20:09:43.844 INFO [main] org.apache.catalina.startup.Catalina.start Server startup in 26507 ms
