28-May-2019 12:06:41.719 INFO [main] org.apache.catalina.startup.VersionLoggerListener.log Server version:        Apache Tomcat/8.5.41
28-May-2019 12:06:41.806 INFO [main] org.apache.catalina.startup.VersionLoggerListener.log Server built:          May 4 2019 09:17:16 UTC
28-May-2019 12:06:41.806 INFO [main] org.apache.catalina.startup.VersionLoggerListener.log Server number:         8.5.41.0
28-May-2019 12:06:41.806 INFO [main] org.apache.catalina.startup.VersionLoggerListener.log OS Name:               Linux
28-May-2019 12:06:41.806 INFO [main] org.apache.catalina.startup.VersionLoggerListener.log OS Version:            2.6.32-754.14.2.el6.x86_64
28-May-2019 12:06:41.806 INFO [main] org.apache.catalina.startup.VersionLoggerListener.log Architecture:          amd64
28-May-2019 12:06:41.806 INFO [main] org.apache.catalina.startup.VersionLoggerListener.log Java Home:             /usr/local/jdk1.8.0_211/jre
28-May-2019 12:06:41.806 INFO [main] org.apache.catalina.startup.VersionLoggerListener.log JVM Version:           1.8.0_211-b12
28-May-2019 12:06:41.806 INFO [main] org.apache.catalina.startup.VersionLoggerListener.log JVM Vendor:            Oracle Corporation
28-May-2019 12:06:41.806 INFO [main] org.apache.catalina.startup.VersionLoggerListener.log CATALINA_BASE:         /usr/local/apache-tomcat-8.5.41
28-May-2019 12:06:41.807 INFO [main] org.apache.catalina.startup.VersionLoggerListener.log CATALINA_HOME:         /usr/local/apache-tomcat-8.5.41
28-May-2019 12:06:41.807 INFO [main] org.apache.catalina.startup.VersionLoggerListener.log Command line argument: -Djava.util.logging.config.file=/usr/local/apache-tomcat-8.5.41/conf/logging.properties
28-May-2019 12:06:41.808 INFO [main] org.apache.catalina.startup.VersionLoggerListener.log Command line argument: -Djava.util.logging.manager=org.apache.juli.ClassLoaderLogManager
28-May-2019 12:06:41.808 INFO [main] org.apache.catalina.startup.VersionLoggerListener.log Command line argument: -Djdk.tls.ephemeralDHKeySize=2048
28-May-2019 12:06:41.808 INFO [main] org.apache.catalina.startup.VersionLoggerListener.log Command line argument: -Djava.protocol.handler.pkgs=org.apache.catalina.webresources
28-May-2019 12:06:41.808 INFO [main] org.apache.catalina.startup.VersionLoggerListener.log Command line argument: -Dorg.apache.catalina.security.SecurityListener.UMASK=0027
28-May-2019 12:06:41.808 INFO [main] org.apache.catalina.startup.VersionLoggerListener.log Command line argument: -Dignore.endorsed.dirs=
28-May-2019 12:06:41.808 INFO [main] org.apache.catalina.startup.VersionLoggerListener.log Command line argument: -Dcatalina.base=/usr/local/apache-tomcat-8.5.41
28-May-2019 12:06:41.808 INFO [main] org.apache.catalina.startup.VersionLoggerListener.log Command line argument: -Dcatalina.home=/usr/local/apache-tomcat-8.5.41
28-May-2019 12:06:41.808 INFO [main] org.apache.catalina.startup.VersionLoggerListener.log Command line argument: -Djava.io.tmpdir=/usr/local/apache-tomcat-8.5.41/temp
28-May-2019 12:06:41.808 INFO [main] org.apache.catalina.core.AprLifecycleListener.lifecycleEvent The APR based Apache Tomcat Native library which allows optimal performance in production environments was not found on the java.library.path: [/usr/java/packages/lib/amd64:/usr/lib64:/lib64:/lib:/usr/lib]
28-May-2019 12:06:42.285 INFO [main] org.apache.coyote.AbstractProtocol.init Initializing ProtocolHandler ["http-nio-8080"]
28-May-2019 12:06:42.307 INFO [main] org.apache.tomcat.util.net.NioSelectorPool.getSharedSelector Using a shared selector for servlet write/read
28-May-2019 12:06:42.330 INFO [main] org.apache.coyote.AbstractProtocol.init Initializing ProtocolHandler ["ajp-nio-8009"]
28-May-2019 12:06:42.337 INFO [main] org.apache.tomcat.util.net.NioSelectorPool.getSharedSelector Using a shared selector for servlet write/read
28-May-2019 12:06:42.340 INFO [main] org.apache.catalina.startup.Catalina.load Initialization processed in 1513 ms
28-May-2019 12:06:42.396 INFO [main] org.apache.catalina.core.StandardService.startInternal Starting service [Catalina]
28-May-2019 12:06:42.398 INFO [main] org.apache.catalina.core.StandardEngine.startInternal Starting Servlet Engine: Apache Tomcat/8.5.41
28-May-2019 12:06:42.493 INFO [localhost-startStop-1] org.apache.catalina.startup.HostConfig.deployWAR Deploying web application archive [/usr/local/apache-tomcat-8.5.41/webapps/futureloan.war]
28-May-2019 12:06:45.146 INFO [localhost-startStop-1] org.apache.jasper.servlet.TldScanner.scanJars At least one JAR was scanned for TLDs yet contained no TLDs. Enable debug logging for this logger for a complete list of JARs that were scanned but no TLDs were found in them. Skipping unneeded JARs during scanning can improve startup time and JSP compilation time.
28-May-2019 12:07:14.499 WARNING [localhost-startStop-1] org.apache.catalina.util.SessionIdGeneratorBase.createSecureRandom Creation of SecureRandom instance for session ID generation using [SHA1PRNG] took [7,058] milliseconds.
28-May-2019 12:07:15.142 INFO [localhost-startStop-1] org.apache.catalina.startup.HostConfig.deployWAR Deployment of web application archive [/usr/local/apache-tomcat-8.5.41/webapps/futureloan.war] has finished in [32,649] ms
28-May-2019 12:07:15.143 INFO [localhost-startStop-1] org.apache.catalina.startup.HostConfig.deployDirectory Deploying web application directory [/usr/local/apache-tomcat-8.5.41/webapps/manager]
28-May-2019 12:07:15.374 INFO [localhost-startStop-1] org.apache.catalina.startup.HostConfig.deployDirectory Deployment of web application directory [/usr/local/apache-tomcat-8.5.41/webapps/manager] has finished in [231] ms
28-May-2019 12:07:15.377 INFO [localhost-startStop-1] org.apache.catalina.startup.HostConfig.deployDirectory Deploying web application directory [/usr/local/apache-tomcat-8.5.41/webapps/ROOT]
28-May-2019 12:07:15.407 INFO [localhost-startStop-1] org.apache.catalina.startup.HostConfig.deployDirectory Deployment of web application directory [/usr/local/apache-tomcat-8.5.41/webapps/ROOT] has finished in [30] ms
28-May-2019 12:07:15.408 INFO [localhost-startStop-1] org.apache.catalina.startup.HostConfig.deployDirectory Deploying web application directory [/usr/local/apache-tomcat-8.5.41/webapps/examples]
28-May-2019 12:07:15.910 INFO [localhost-startStop-1] org.apache.catalina.startup.HostConfig.deployDirectory Deployment of web application directory [/usr/local/apache-tomcat-8.5.41/webapps/examples] has finished in [502] ms
28-May-2019 12:07:15.914 INFO [localhost-startStop-1] org.apache.catalina.startup.HostConfig.deployDirectory Deploying web application directory [/usr/local/apache-tomcat-8.5.41/webapps/host-manager]
28-May-2019 12:07:15.949 INFO [localhost-startStop-1] org.apache.catalina.startup.HostConfig.deployDirectory Deployment of web application directory [/usr/local/apache-tomcat-8.5.41/webapps/host-manager] has finished in [35] ms
28-May-2019 12:07:15.949 INFO [localhost-startStop-1] org.apache.catalina.startup.HostConfig.deployDirectory Deploying web application directory [/usr/local/apache-tomcat-8.5.41/webapps/docs]
28-May-2019 12:07:15.963 INFO [localhost-startStop-1] org.apache.catalina.startup.HostConfig.deployDirectory Deployment of web application directory [/usr/local/apache-tomcat-8.5.41/webapps/docs] has finished in [14] ms
28-May-2019 12:07:15.968 INFO [main] org.apache.coyote.AbstractProtocol.start Starting ProtocolHandler ["http-nio-8080"]
28-May-2019 12:07:15.995 INFO [main] org.apache.coyote.AbstractProtocol.start Starting ProtocolHandler ["ajp-nio-8009"]
28-May-2019 12:07:16.016 INFO [main] org.apache.catalina.startup.Catalina.start Server startup in 33674 ms
