2019-06-13 00:46:15  [ http-nio-8080-exec-1:153136 ] - [ ERROR ]  org.mybatis.spring.MyBatisSystemException: nested exception is org.apache.ibatis.exceptions.PersistenceException: 
### Error querying database.  Cause: org.springframework.jdbc.CannotGetJdbcConnectionException: Could not get JDBC Connection; nested exception is java.sql.SQLException: An attempt by a client to checkout a Connection has timed out.
### The error may exist in ServletContext resource [/META-INF/mybatis/memberMapper.xml]
### The error may involve com.lemon.futureloan.dao.MemberMapper.getMember
### The error occurred while executing a query
### Cause: org.springframework.jdbc.CannotGetJdbcConnectionException: Could not get JDBC Connection; nested exception is java.sql.SQLException: An attempt by a client to checkout a Connection has timed out.
2019-06-13 00:46:20  [ http-nio-8080-exec-3:158327 ] - [ ERROR ]  org.apache.shiro.authc.UnknownAccountException: Realm [com.lemon.futureloan.shiro.MyRealm@5fa8a08] was unable to find account data for the submitted AuthenticationToken [org.apache.shiro.authc.UsernamePasswordToken - 15815541763, rememberMe=false].
2019-06-13 00:50:23  [ http-nio-8080-exec-3:401325 ] - [ ERROR ]  org.mybatis.spring.MyBatisSystemException: nested exception is org.apache.ibatis.exceptions.PersistenceException: 
### Error querying database.  Cause: org.springframework.jdbc.CannotGetJdbcConnectionException: Could not get JDBC Connection; nested exception is java.sql.SQLException: An attempt by a client to checkout a Connection has timed out.
### The error may exist in ServletContext resource [/META-INF/mybatis/memberMapper.xml]
### The error may involve com.lemon.futureloan.dao.MemberMapper.getMember
### The error occurred while executing a query
### Cause: org.springframework.jdbc.CannotGetJdbcConnectionException: Could not get JDBC Connection; nested exception is java.sql.SQLException: An attempt by a client to checkout a Connection has timed out.
2019-06-13 00:50:28  [ http-nio-8080-exec-5:406335 ] - [ ERROR ]  org.apache.shiro.authc.UnknownAccountException: Realm [com.lemon.futureloan.shiro.MyRealm@5fa8a08] was unable to find account data for the submitted AuthenticationToken [org.apache.shiro.authc.UsernamePasswordToken - 15815541763, rememberMe=false].
2019-06-13 00:54:29  [ http-nio-8080-exec-2:28459 ] - [ ERROR ]  org.mybatis.spring.MyBatisSystemException: nested exception is org.apache.ibatis.exceptions.PersistenceException: 
### Error querying database.  Cause: org.springframework.jdbc.CannotGetJdbcConnectionException: Could not get JDBC Connection; nested exception is java.sql.SQLException: An attempt by a client to checkout a Connection has timed out.
### The error may exist in ServletContext resource [/META-INF/mybatis/memberMapper.xml]
### The error may involve com.lemon.futureloan.dao.MemberMapper.getMember
### The error occurred while executing a query
### Cause: org.springframework.jdbc.CannotGetJdbcConnectionException: Could not get JDBC Connection; nested exception is java.sql.SQLException: An attempt by a client to checkout a Connection has timed out.
2019-06-13 00:54:39  [ http-nio-8080-exec-4:38981 ] - [ ERROR ]  org.mybatis.spring.MyBatisSystemException: nested exception is org.apache.ibatis.exceptions.PersistenceException: 
### Error querying database.  Cause: org.springframework.jdbc.CannotGetJdbcConnectionException: Could not get JDBC Connection; nested exception is java.sql.SQLException: An attempt by a client to checkout a Connection has timed out.
### The error may exist in ServletContext resource [/META-INF/mybatis/memberMapper.xml]
### The error may involve com.lemon.futureloan.dao.MemberMapper.getMember
### The error occurred while executing a query
### Cause: org.springframework.jdbc.CannotGetJdbcConnectionException: Could not get JDBC Connection; nested exception is java.sql.SQLException: An attempt by a client to checkout a Connection has timed out.
