27-May-2019 06:07:27.865 INFO [localhost-startStop-1] org.apache.catalina.core.ApplicationContext.log No Spring WebApplicationInitializer types detected on classpath
27-May-2019 06:07:28.127 INFO [localhost-startStop-1] org.apache.catalina.core.ApplicationContext.log Set web app root system property: 'webapp.root' = [/usr/local/apache-tomcat-8.5.41/webapps/futureloan/]
27-May-2019 06:07:28.128 INFO [localhost-startStop-1] org.apache.catalina.core.ApplicationContext.log Initializing log4j from [file:/usr/local/apache-tomcat-8.5.41/conf/log4j.properties]
27-May-2019 06:07:28.308 INFO [localhost-startStop-1] org.apache.catalina.core.ApplicationContext.log Initializing Spring root WebApplicationContext
27-May-2019 06:07:58.013 INFO [localhost-startStop-1] org.apache.catalina.core.ApplicationContext.log Initializing Spring FrameworkServlet 'springmvc'
27-May-2019 06:07:59.239 INFO [localhost-startStop-1] org.apache.catalina.core.ApplicationContext.log ContextListener: contextInitialized()
27-May-2019 06:07:59.239 INFO [localhost-startStop-1] org.apache.catalina.core.ApplicationContext.log SessionListener: contextInitialized()
27-May-2019 06:07:59.240 INFO [localhost-startStop-1] org.apache.catalina.core.ApplicationContext.log ContextListener: attributeAdded('StockTicker', 'async.Stockticker@7d5965ef')
27-May-2019 09:01:38.571 INFO [localhost-startStop-2] org.apache.catalina.core.ApplicationContext.log Destroying Spring FrameworkServlet 'springmvc'
27-May-2019 09:01:38.573 INFO [localhost-startStop-2] org.apache.catalina.core.ApplicationContext.log Closing Spring root WebApplicationContext
27-May-2019 09:01:38.586 INFO [localhost-startStop-2] org.apache.catalina.core.ApplicationContext.log Shutting down log4j
27-May-2019 09:01:38.642 INFO [localhost-startStop-2] org.apache.catalina.core.ApplicationContext.log SessionListener: contextDestroyed()
27-May-2019 09:01:38.642 INFO [localhost-startStop-2] org.apache.catalina.core.ApplicationContext.log ContextListener: contextDestroyed()
27-May-2019 16:28:11.419 INFO [localhost-startStop-1] org.apache.catalina.core.ApplicationContext.log No Spring WebApplicationInitializer types detected on classpath
27-May-2019 16:28:11.837 INFO [localhost-startStop-1] org.apache.catalina.core.ApplicationContext.log Set web app root system property: 'webapp.root' = [/usr/local/apache-tomcat-8.5.41/webapps/futureloan/]
27-May-2019 16:28:11.838 INFO [localhost-startStop-1] org.apache.catalina.core.ApplicationContext.log Initializing log4j from [file:/usr/local/apache-tomcat-8.5.41/conf/log4j.properties]
27-May-2019 16:28:12.003 INFO [localhost-startStop-1] org.apache.catalina.core.ApplicationContext.log Initializing Spring root WebApplicationContext
27-May-2019 16:28:34.986 INFO [localhost-startStop-1] org.apache.catalina.core.ApplicationContext.log Initializing Spring FrameworkServlet 'springmvc'
27-May-2019 16:28:36.700 INFO [localhost-startStop-1] org.apache.catalina.core.ApplicationContext.log ContextListener: contextInitialized()
27-May-2019 16:28:36.701 INFO [localhost-startStop-1] org.apache.catalina.core.ApplicationContext.log SessionListener: contextInitialized()
27-May-2019 16:28:36.702 INFO [localhost-startStop-1] org.apache.catalina.core.ApplicationContext.log ContextListener: attributeAdded('StockTicker', 'async.Stockticker@1d21beff')
27-May-2019 21:25:18.467 INFO [localhost-startStop-2] org.apache.catalina.core.ApplicationContext.log Destroying Spring FrameworkServlet 'springmvc'
27-May-2019 21:25:18.499 INFO [localhost-startStop-2] org.apache.catalina.core.ApplicationContext.log Closing Spring root WebApplicationContext
27-May-2019 21:25:18.534 INFO [localhost-startStop-2] org.apache.catalina.core.ApplicationContext.log Shutting down log4j
27-May-2019 21:25:18.589 INFO [localhost-startStop-2] org.apache.catalina.core.ApplicationContext.log SessionListener: contextDestroyed()
27-May-2019 21:25:18.590 INFO [localhost-startStop-2] org.apache.catalina.core.ApplicationContext.log ContextListener: contextDestroyed()
27-May-2019 21:25:28.310 INFO [localhost-startStop-1] org.apache.catalina.core.ApplicationContext.log No Spring WebApplicationInitializer types detected on classpath
27-May-2019 21:25:28.809 INFO [localhost-startStop-1] org.apache.catalina.core.ApplicationContext.log Set web app root system property: 'webapp.root' = [/usr/local/apache-tomcat-8.5.41/webapps/futureloan/]
27-May-2019 21:25:28.810 INFO [localhost-startStop-1] org.apache.catalina.core.ApplicationContext.log Initializing log4j from [file:/usr/local/apache-tomcat-8.5.41/conf/log4j.properties]
27-May-2019 21:25:28.903 INFO [localhost-startStop-1] org.apache.catalina.core.ApplicationContext.log Initializing Spring root WebApplicationContext
27-May-2019 21:25:51.774 INFO [localhost-startStop-1] org.apache.catalina.core.ApplicationContext.log Initializing Spring FrameworkServlet 'springmvc'
27-May-2019 21:25:52.780 INFO [localhost-startStop-1] org.apache.catalina.core.ApplicationContext.log ContextListener: contextInitialized()
27-May-2019 21:25:52.781 INFO [localhost-startStop-1] org.apache.catalina.core.ApplicationContext.log SessionListener: contextInitialized()
27-May-2019 21:25:52.781 INFO [localhost-startStop-1] org.apache.catalina.core.ApplicationContext.log ContextListener: attributeAdded('StockTicker', 'async.Stockticker@4c420bbf')
