03-Jun-2019 18:00:07.543 INFO [localhost-startStop-2] org.apache.catalina.core.ApplicationContext.log Destroying Spring FrameworkServlet 'springmvc'
03-Jun-2019 18:00:07.559 INFO [localhost-startStop-2] org.apache.catalina.core.ApplicationContext.log Closing Spring root WebApplicationContext
03-Jun-2019 18:00:07.599 INFO [localhost-startStop-2] org.apache.catalina.core.ApplicationContext.log Shutting down log4j
03-Jun-2019 18:00:07.656 INFO [localhost-startStop-2] org.apache.catalina.core.ApplicationContext.log SessionListener: contextDestroyed()
03-Jun-2019 18:00:07.657 INFO [localhost-startStop-2] org.apache.catalina.core.ApplicationContext.log ContextListener: contextDestroyed()
03-Jun-2019 18:45:27.367 INFO [localhost-startStop-1] org.apache.catalina.core.ApplicationContext.log No Spring WebApplicationInitializer types detected on classpath
03-Jun-2019 18:45:27.605 INFO [localhost-startStop-1] org.apache.catalina.core.ApplicationContext.log Set web app root system property: 'webapp.root' = [/usr/local/apache-tomcat-8.5.41/webapps/futureloan/]
03-Jun-2019 18:45:27.610 INFO [localhost-startStop-1] org.apache.catalina.core.ApplicationContext.log Initializing log4j from [file:/usr/local/apache-tomcat-8.5.41/conf/log4j.properties]
03-Jun-2019 18:45:27.739 INFO [localhost-startStop-1] org.apache.catalina.core.ApplicationContext.log Initializing Spring root WebApplicationContext
03-Jun-2019 18:45:57.089 INFO [localhost-startStop-1] org.apache.catalina.core.ApplicationContext.log Initializing Spring FrameworkServlet 'springmvc'
03-Jun-2019 18:45:58.400 INFO [localhost-startStop-1] org.apache.catalina.core.ApplicationContext.log ContextListener: contextInitialized()
03-Jun-2019 18:45:58.401 INFO [localhost-startStop-1] org.apache.catalina.core.ApplicationContext.log SessionListener: contextInitialized()
03-Jun-2019 18:45:58.401 INFO [localhost-startStop-1] org.apache.catalina.core.ApplicationContext.log ContextListener: attributeAdded('StockTicker', 'async.Stockticker@4b15de8e')
03-Jun-2019 18:49:41.604 INFO [localhost-startStop-2] org.apache.catalina.core.ApplicationContext.log Destroying Spring FrameworkServlet 'springmvc'
03-Jun-2019 18:49:41.607 INFO [localhost-startStop-2] org.apache.catalina.core.ApplicationContext.log Closing Spring root WebApplicationContext
03-Jun-2019 18:49:41.617 INFO [localhost-startStop-2] org.apache.catalina.core.ApplicationContext.log Shutting down log4j
03-Jun-2019 18:49:41.655 INFO [localhost-startStop-2] org.apache.catalina.core.ApplicationContext.log SessionListener: contextDestroyed()
03-Jun-2019 18:49:41.655 INFO [localhost-startStop-2] org.apache.catalina.core.ApplicationContext.log ContextListener: contextDestroyed()
03-Jun-2019 19:45:31.821 INFO [localhost-startStop-1] org.apache.catalina.core.ApplicationContext.log No Spring WebApplicationInitializer types detected on classpath
03-Jun-2019 19:45:32.058 INFO [localhost-startStop-1] org.apache.catalina.core.ApplicationContext.log Set web app root system property: 'webapp.root' = [/usr/local/apache-tomcat-8.5.41/webapps/futureloan/]
03-Jun-2019 19:45:32.058 INFO [localhost-startStop-1] org.apache.catalina.core.ApplicationContext.log Initializing log4j from [file:/usr/local/apache-tomcat-8.5.41/conf/log4j.properties]
03-Jun-2019 19:45:32.163 INFO [localhost-startStop-1] org.apache.catalina.core.ApplicationContext.log Initializing Spring root WebApplicationContext
03-Jun-2019 19:45:59.226 INFO [localhost-startStop-1] org.apache.catalina.core.ApplicationContext.log Initializing Spring FrameworkServlet 'springmvc'
03-Jun-2019 19:46:00.006 INFO [localhost-startStop-1] org.apache.catalina.core.ApplicationContext.log ContextListener: contextInitialized()
03-Jun-2019 19:46:00.009 INFO [localhost-startStop-1] org.apache.catalina.core.ApplicationContext.log SessionListener: contextInitialized()
03-Jun-2019 19:46:00.010 INFO [localhost-startStop-1] org.apache.catalina.core.ApplicationContext.log ContextListener: attributeAdded('StockTicker', 'async.Stockticker@4b15de8e')
03-Jun-2019 19:56:22.900 INFO [localhost-startStop-2] org.apache.catalina.core.ApplicationContext.log Destroying Spring FrameworkServlet 'springmvc'
03-Jun-2019 19:56:22.901 INFO [localhost-startStop-2] org.apache.catalina.core.ApplicationContext.log Closing Spring root WebApplicationContext
03-Jun-2019 19:56:22.906 INFO [localhost-startStop-2] org.apache.catalina.core.ApplicationContext.log Shutting down log4j
03-Jun-2019 19:56:22.925 INFO [localhost-startStop-2] org.apache.catalina.core.ApplicationContext.log SessionListener: contextDestroyed()
03-Jun-2019 19:56:22.925 INFO [localhost-startStop-2] org.apache.catalina.core.ApplicationContext.log ContextListener: contextDestroyed()
03-Jun-2019 19:57:09.106 INFO [localhost-startStop-1] org.apache.catalina.core.ApplicationContext.log No Spring WebApplicationInitializer types detected on classpath
03-Jun-2019 19:57:09.349 INFO [localhost-startStop-1] org.apache.catalina.core.ApplicationContext.log Set web app root system property: 'webapp.root' = [/usr/local/apache-tomcat-8.5.41/webapps/futureloan/]
03-Jun-2019 19:57:09.350 INFO [localhost-startStop-1] org.apache.catalina.core.ApplicationContext.log Initializing log4j from [file:/usr/local/apache-tomcat-8.5.41/conf/log4j.properties]
03-Jun-2019 19:57:09.457 INFO [localhost-startStop-1] org.apache.catalina.core.ApplicationContext.log Initializing Spring root WebApplicationContext
03-Jun-2019 19:57:34.747 INFO [localhost-startStop-1] org.apache.catalina.core.ApplicationContext.log Initializing Spring FrameworkServlet 'springmvc'
03-Jun-2019 19:57:35.592 INFO [localhost-startStop-1] org.apache.catalina.core.ApplicationContext.log ContextListener: contextInitialized()
03-Jun-2019 19:57:35.596 INFO [localhost-startStop-1] org.apache.catalina.core.ApplicationContext.log SessionListener: contextInitialized()
03-Jun-2019 19:57:35.596 INFO [localhost-startStop-1] org.apache.catalina.core.ApplicationContext.log ContextListener: attributeAdded('StockTicker', 'async.Stockticker@5e9771e8')
03-Jun-2019 20:08:22.476 INFO [localhost-startStop-2] org.apache.catalina.core.ApplicationContext.log Destroying Spring FrameworkServlet 'springmvc'
03-Jun-2019 20:08:22.501 INFO [localhost-startStop-2] org.apache.catalina.core.ApplicationContext.log Closing Spring root WebApplicationContext
03-Jun-2019 20:08:22.543 INFO [localhost-startStop-2] org.apache.catalina.core.ApplicationContext.log Shutting down log4j
03-Jun-2019 20:08:22.624 INFO [localhost-startStop-2] org.apache.catalina.core.ApplicationContext.log SessionListener: contextDestroyed()
03-Jun-2019 20:08:22.624 INFO [localhost-startStop-2] org.apache.catalina.core.ApplicationContext.log ContextListener: contextDestroyed()
03-Jun-2019 20:09:19.969 INFO [localhost-startStop-1] org.apache.catalina.core.ApplicationContext.log No Spring WebApplicationInitializer types detected on classpath
03-Jun-2019 20:09:20.235 INFO [localhost-startStop-1] org.apache.catalina.core.ApplicationContext.log Set web app root system property: 'webapp.root' = [/usr/local/apache-tomcat-8.5.41/webapps/futureloan/]
03-Jun-2019 20:09:20.240 INFO [localhost-startStop-1] org.apache.catalina.core.ApplicationContext.log Initializing log4j from [file:/usr/local/apache-tomcat-8.5.41/conf/log4j.properties]
03-Jun-2019 20:09:20.357 INFO [localhost-startStop-1] org.apache.catalina.core.ApplicationContext.log Initializing Spring root WebApplicationContext
03-Jun-2019 20:09:42.782 INFO [localhost-startStop-1] org.apache.catalina.core.ApplicationContext.log Initializing Spring FrameworkServlet 'springmvc'
03-Jun-2019 20:09:43.743 INFO [localhost-startStop-1] org.apache.catalina.core.ApplicationContext.log ContextListener: contextInitialized()
03-Jun-2019 20:09:43.743 INFO [localhost-startStop-1] org.apache.catalina.core.ApplicationContext.log SessionListener: contextInitialized()
03-Jun-2019 20:09:43.744 INFO [localhost-startStop-1] org.apache.catalina.core.ApplicationContext.log ContextListener: attributeAdded('StockTicker', 'async.Stockticker@1d21beff')
