24-May-2019 13:03:29.229 INFO [localhost-startStop-1] org.apache.catalina.core.ApplicationContext.log No Spring WebApplicationInitializer types detected on classpath
24-May-2019 13:03:29.488 INFO [localhost-startStop-1] org.apache.catalina.core.ApplicationContext.log Set web app root system property: 'webapp.root' = [/usr/local/apache-tomcat-8.5.41/webapps/futureloan/]
24-May-2019 13:03:29.490 INFO [localhost-startStop-1] org.apache.catalina.core.ApplicationContext.log Initializing log4j from [file:/usr/local/apache-tomcat-8.5.41/conf/log4j.properties]
24-May-2019 13:03:29.640 INFO [localhost-startStop-1] org.apache.catalina.core.ApplicationContext.log Initializing Spring root WebApplicationContext
24-May-2019 13:03:58.763 INFO [localhost-startStop-1] org.apache.catalina.core.ApplicationContext.log Initializing Spring FrameworkServlet 'springmvc'
24-May-2019 13:04:01.223 INFO [localhost-startStop-1] org.apache.catalina.core.ApplicationContext.log ContextListener: contextInitialized()
24-May-2019 13:04:01.226 INFO [localhost-startStop-1] org.apache.catalina.core.ApplicationContext.log SessionListener: contextInitialized()
24-May-2019 13:04:01.227 INFO [localhost-startStop-1] org.apache.catalina.core.ApplicationContext.log ContextListener: attributeAdded('StockTicker', 'async.Stockticker@1bb201bc')
24-May-2019 17:45:00.230 INFO [localhost-startStop-2] org.apache.catalina.core.ApplicationContext.log Destroying Spring FrameworkServlet 'springmvc'
24-May-2019 17:45:00.232 INFO [localhost-startStop-2] org.apache.catalina.core.ApplicationContext.log Closing Spring root WebApplicationContext
24-May-2019 17:45:00.246 INFO [localhost-startStop-2] org.apache.catalina.core.ApplicationContext.log Shutting down log4j
24-May-2019 17:45:00.285 INFO [localhost-startStop-2] org.apache.catalina.core.ApplicationContext.log SessionListener: contextDestroyed()
24-May-2019 17:45:00.285 INFO [localhost-startStop-2] org.apache.catalina.core.ApplicationContext.log ContextListener: contextDestroyed()
24-May-2019 17:45:10.176 INFO [localhost-startStop-1] org.apache.catalina.core.ApplicationContext.log No Spring WebApplicationInitializer types detected on classpath
24-May-2019 17:45:10.388 INFO [localhost-startStop-1] org.apache.catalina.core.ApplicationContext.log Set web app root system property: 'webapp.root' = [/usr/local/apache-tomcat-8.5.41/webapps/futureloan/]
24-May-2019 17:45:10.392 INFO [localhost-startStop-1] org.apache.catalina.core.ApplicationContext.log Initializing log4j from [file:/usr/local/apache-tomcat-8.5.41/conf/log4j.properties]
24-May-2019 17:45:10.497 INFO [localhost-startStop-1] org.apache.catalina.core.ApplicationContext.log Initializing Spring root WebApplicationContext
24-May-2019 17:46:25.058 INFO [localhost-startStop-1] org.apache.catalina.core.ApplicationContext.log Initializing Spring FrameworkServlet 'springmvc'
24-May-2019 17:46:25.917 INFO [localhost-startStop-1] org.apache.catalina.core.ApplicationContext.log ContextListener: contextInitialized()
24-May-2019 17:46:25.917 INFO [localhost-startStop-1] org.apache.catalina.core.ApplicationContext.log SessionListener: contextInitialized()
24-May-2019 17:46:25.918 INFO [localhost-startStop-1] org.apache.catalina.core.ApplicationContext.log ContextListener: attributeAdded('StockTicker', 'async.Stockticker@14fb5829')
