13-Jun-2019 00:39:09.779 INFO [localhost-startStop-1] org.apache.catalina.core.ApplicationContext.log No Spring WebApplicationInitializer types detected on classpath
13-Jun-2019 00:39:10.123 INFO [localhost-startStop-1] org.apache.catalina.core.ApplicationContext.log Set web app root system property: 'webapp.root' = [/usr/local/apache-tomcat-8.5.41/webapps/futureloan/]
13-Jun-2019 00:39:10.124 INFO [localhost-startStop-1] org.apache.catalina.core.ApplicationContext.log Initializing log4j from [file:/usr/local/apache-tomcat-8.5.41/conf/log4j.properties]
13-Jun-2019 00:39:10.297 INFO [localhost-startStop-1] org.apache.catalina.core.ApplicationContext.log Initializing Spring root WebApplicationContext
13-Jun-2019 00:39:33.572 INFO [localhost-startStop-1] org.apache.catalina.core.ApplicationContext.log Initializing Spring FrameworkServlet 'springmvc'
13-Jun-2019 00:39:34.876 INFO [localhost-startStop-1] org.apache.catalina.core.ApplicationContext.log ContextListener: contextInitialized()
13-Jun-2019 00:39:34.879 INFO [localhost-startStop-1] org.apache.catalina.core.ApplicationContext.log SessionListener: contextInitialized()
13-Jun-2019 00:39:34.880 INFO [localhost-startStop-1] org.apache.catalina.core.ApplicationContext.log ContextListener: attributeAdded('StockTicker', 'async.Stockticker@7bc6d290')
13-Jun-2019 00:43:42.028 INFO [localhost-startStop-1] org.apache.catalina.core.ApplicationContext.log No Spring WebApplicationInitializer types detected on classpath
13-Jun-2019 00:43:42.288 INFO [localhost-startStop-1] org.apache.catalina.core.ApplicationContext.log Set web app root system property: 'webapp.root' = [/usr/local/apache-tomcat-8.5.41/webapps/futureloan/]
13-Jun-2019 00:43:42.290 INFO [localhost-startStop-1] org.apache.catalina.core.ApplicationContext.log Initializing log4j from [file:/usr/local/apache-tomcat-8.5.41/conf/log4j.properties]
13-Jun-2019 00:43:42.416 INFO [localhost-startStop-1] org.apache.catalina.core.ApplicationContext.log Initializing Spring root WebApplicationContext
13-Jun-2019 00:44:04.794 INFO [localhost-startStop-1] org.apache.catalina.core.ApplicationContext.log Initializing Spring FrameworkServlet 'springmvc'
13-Jun-2019 00:44:05.822 INFO [localhost-startStop-1] org.apache.catalina.core.ApplicationContext.log ContextListener: contextInitialized()
13-Jun-2019 00:44:05.837 INFO [localhost-startStop-1] org.apache.catalina.core.ApplicationContext.log SessionListener: contextInitialized()
13-Jun-2019 00:44:05.837 INFO [localhost-startStop-1] org.apache.catalina.core.ApplicationContext.log ContextListener: attributeAdded('StockTicker', 'async.Stockticker@1d21beff')
13-Jun-2019 00:53:41.601 INFO [localhost-startStop-1] org.apache.catalina.core.ApplicationContext.log No Spring WebApplicationInitializer types detected on classpath
13-Jun-2019 00:53:41.799 INFO [localhost-startStop-1] org.apache.catalina.core.ApplicationContext.log Set web app root system property: 'webapp.root' = [/usr/local/apache-tomcat-8.5.41/webapps/futureloan/]
13-Jun-2019 00:53:41.799 INFO [localhost-startStop-1] org.apache.catalina.core.ApplicationContext.log Initializing log4j from [file:/usr/local/apache-tomcat-8.5.41/conf/log4j.properties]
13-Jun-2019 00:53:41.885 INFO [localhost-startStop-1] org.apache.catalina.core.ApplicationContext.log Initializing Spring root WebApplicationContext
13-Jun-2019 00:53:50.037 INFO [localhost-startStop-2] org.apache.catalina.core.ApplicationContext.log Destroying Spring FrameworkServlet 'springmvc'
13-Jun-2019 00:53:50.049 INFO [localhost-startStop-2] org.apache.catalina.core.ApplicationContext.log Closing Spring root WebApplicationContext
13-Jun-2019 00:53:50.056 INFO [localhost-startStop-2] org.apache.catalina.core.ApplicationContext.log Shutting down log4j
13-Jun-2019 00:53:50.102 INFO [localhost-startStop-2] org.apache.catalina.core.ApplicationContext.log SessionListener: contextDestroyed()
13-Jun-2019 00:53:50.102 INFO [localhost-startStop-2] org.apache.catalina.core.ApplicationContext.log ContextListener: contextDestroyed()
13-Jun-2019 00:54:00.240 INFO [localhost-startStop-1] org.apache.catalina.core.ApplicationContext.log No Spring WebApplicationInitializer types detected on classpath
13-Jun-2019 00:54:00.476 INFO [localhost-startStop-1] org.apache.catalina.core.ApplicationContext.log Set web app root system property: 'webapp.root' = [/usr/local/apache-tomcat-8.5.41/webapps/futureloan/]
13-Jun-2019 00:54:00.481 INFO [localhost-startStop-1] org.apache.catalina.core.ApplicationContext.log Initializing log4j from [file:/usr/local/apache-tomcat-8.5.41/conf/log4j.properties]
13-Jun-2019 00:54:00.572 INFO [localhost-startStop-1] org.apache.catalina.core.ApplicationContext.log Initializing Spring root WebApplicationContext
13-Jun-2019 00:54:22.724 INFO [localhost-startStop-1] org.apache.catalina.core.ApplicationContext.log Initializing Spring FrameworkServlet 'springmvc'
13-Jun-2019 00:54:23.474 INFO [localhost-startStop-1] org.apache.catalina.core.ApplicationContext.log ContextListener: contextInitialized()
13-Jun-2019 00:54:23.474 INFO [localhost-startStop-1] org.apache.catalina.core.ApplicationContext.log SessionListener: contextInitialized()
13-Jun-2019 00:54:23.475 INFO [localhost-startStop-1] org.apache.catalina.core.ApplicationContext.log ContextListener: attributeAdded('StockTicker', 'async.Stockticker@96a9408')
